#
# A fatal error has been detected by the Java Runtime Environment:
#
#  EXCEPTION_ACCESS_VIOLATION (0xc0000005) at pc=0x0000000180003990, pid=4680, tid=12076
#
# JRE version: Java(TM) SE Runtime Environment (18.0+36) (build 18+36-2087)
# Java VM: Java HotSpot(TM) 64-Bit Server VM (18+36-2087, mixed mode, sharing, tiered, compressed oops, compressed class ptrs, g1 gc, windows-amd64)
# Problematic frame:
# C  [rxtxSerial.dll+0x3990]
#
# No core dump will be written. Minidumps are not enabled by default on client versions of Windows
#
# If you would like to submit a bug report, please visit:
#   https://bugreport.java.com/bugreport/crash.jsp
# The crash happened outside the Java Virtual Machine in native code.
# See problematic frame for where to report the bug.
#

---------------  S U M M A R Y ------------

Command Line: -Dfile.encoding=UTF-8 --module-path=C:\Users\joqle\Documents\NetBeansProjects\JavaApplication11\build\classes javaapplication11.JavaApplication11

Host: Intel(R) Core(TM) i3-7020U CPU @ 2.30GHz, 4 cores, 7G,  Windows 10 , 64 bit Build 19041 (10.0.19041.2913)
Time: Fri Jun  9 00:56:23 2023 Hora estándar central (México) elapsed time: 0.873930 seconds (0d 0h 0m 0s)

---------------  T H R E A D  ---------------

Current thread (0x000001ee2149fdc0):  JavaThread "Thread-1" [_thread_in_native, id=12076, stack(0x00000085f3800000,0x00000085f3900000)]

Stack: [0x00000085f3800000,0x00000085f3900000],  sp=0x00000085f38fee90,  free space=1019k
Native frames: (J=compiled Java code, j=interpreted, Vv=VM code, C=native code)
C  [rxtxSerial.dll+0x3990]

Java frames: (J=compiled Java code, j=interpreted, Vv=VM code)
j  gnu.io.RXTXPort.readArray([BII)I+0
j  gnu.io.RXTXPort$SerialInputStream.read([BII)I+212
j  sun.nio.cs.StreamDecoder.readBytes()I+117 java.base@18
j  sun.nio.cs.StreamDecoder.implRead([CII)I+112 java.base@18
j  sun.nio.cs.StreamDecoder.read([CII)I+180 java.base@18
j  java.io.Reader.read(Ljava/nio/CharBuffer;)I+61 java.base@18
j  java.io.InputStreamReader.read(Ljava/nio/CharBuffer;)I+5 java.base@18
j  java.util.Scanner.readInput()V+70 java.base@18
j  java.util.Scanner.hasNext()Z+39 java.base@18
j  ConexionSerial.ConexionSerialJrIng.SerialRead()Ljava/lang/String;+80
j  javaapplication11.Ventana$1.run()V+10
v  ~StubRoutines::call_stub

siginfo: EXCEPTION_ACCESS_VIOLATION (0xc0000005), reading address 0xfffffffff37fed48


Register to memory mapping:

RIP=0x0000000180003990 rxtxSerial.dll
RAX=0x00000000f37fed40 is an unallocated location in the heap
RBX=0x0 is NULL
RCX=0x000000018001d4d5 rxtxSerial.dll
RDX=0xfffffffffffff665 is an unknown value
RSP=0x00000085f38fee90 is pointing into the stack for thread: 0x000001ee2149fdc0
RBP=0x00000000ffffffff is an unallocated location in the heap
RSI=0x0000000000000003 is an unknown value
RDI=0x0 is NULL
R8 =0x0000000000000002 is an unknown value
R9 =0xfffffffffffff63c is an unknown value
R10=0x00007ffe123e0598 jvm.dll
R11=0x8101010101010100 is an unknown value
R12=0xfffffffff37fed40 is an unknown value
R13=0x0000000000000001 is an unknown value
R14=0x0000000000000003 is an unknown value
R15=0x0 is NULL


Registers:
RAX=0x00000000f37fed40, RBX=0x0000000000000000, RCX=0x000000018001d4d5, RDX=0xfffffffffffff665
RSP=0x00000085f38fee90, RBP=0x00000000ffffffff, RSI=0x0000000000000003, RDI=0x0000000000000000
R8 =0x0000000000000002, R9 =0xfffffffffffff63c, R10=0x00007ffe123e0598, R11=0x8101010101010100
R12=0xfffffffff37fed40, R13=0x0000000000000001, R14=0x0000000000000003, R15=0x0000000000000000
RIP=0x0000000180003990, EFLAGS=0x0000000000010202

Top of Stack: (sp=0x00000085f38fee90)
0x00000085f38fee90:   0000000000000000 00000085f38ff070
0x00000085f38feea0:   0000000000000003 0000000000000000
0x00000085f38feeb0:   000001ee2149fdc0 00000000ffffffff
0x00000085f38feec0:   0000000000000001 0000000000000000
0x00000085f38feed0:   000001ee214a0050 0000000000000003
0x00000085f38feee0:   00000085f38ff070 000000018000535a
0x00000085f38feef0:   000001ee214d2b10 0000000000000000
0x00000085f38fef00:   0000000000000001 000001ee214d2b10
0x00000085f38fef10:   0000000000000003 00000000ffffffff
0x00000085f38fef20:   00000085f38ff078 000001ee1ce0b618
0x00000085f38fef30:   00000085f38ff040 00007ffe11c33a85
0x00000085f38fef40:   00000000000155b4 0000000000000110
0x00000085f38fef50:   000001ee2149fdc0 000001ee2149fdc0
0x00000085f38fef60:   000001ee1ce0b620 00009a102d14199a
0x00000085f38fef70:   00000085f38ff078 000001ee1ce0b618
0x00000085f38fef80:   0000000000000000 0000000000001550 

Instructions: (pc=0x0000000180003990)
0x0000000180003890:   48 8d 15 0d 9c 01 00 48 2b d3 66 0f 1f 44 00 00
0x00000001800038a0:   0f b6 0b 0f b6 04 13 2b c8 75 07 48 ff c3 85 c0
0x00000001800038b0:   75 ee 48 8b 07 85 c9 48 8b d6 48 8b cf 75 0b ff
0x00000001800038c0:   90 28 03 00 00 48 8b d8 eb 08 ff 90 20 03 00 00
0x00000001800038d0:   8b d8 48 8b 07 48 8b d5 48 8b cf ff 90 b8 00 00
0x00000001800038e0:   00 48 8d 0d ec 9b 01 00 41 b8 02 00 00 00 49 8b
0x00000001800038f0:   d4 e8 2a 6f 00 00 85 c0 75 19 85 db 75 15 e8 71
0x0000000180003900:   6b 00 00 48 8d 15 ce 9b 01 00 48 8d 48 60 e8 e9
0x0000000180003910:   69 00 00 8b c3 48 8b 5c 24 30 48 8b 6c 24 38 48
0x0000000180003920:   8b 74 24 40 48 8b 7c 24 48 48 83 c4 20 41 5c c3
0x0000000180003930:   cc cc cc cc cc cc cc cc cc cc cc cc cc cc cc cc
0x0000000180003940:   48 89 5c 24 08 4c 89 4c 24 20 44 89 44 24 18 55
0x0000000180003950:   56 57 41 54 41 55 41 56 41 57 48 83 ec 20 48 8b
0x0000000180003960:   12 33 db 4c 8d 0d 82 91 01 00 4c 8d 05 9f 91 01
0x0000000180003970:   00 44 8b fb 8b fb e8 95 fe ff ff 8b ac 24 88 00
0x0000000180003980:   00 00 44 8b b4 24 80 00 00 00 4c 63 e0 41 8b f6
0x0000000180003990:   45 8b 6c 24 08 41 89 5c 24 08 85 ed 78 09 ff 15
0x00000001800039a0:   5c 36 01 00 44 8b f8 45 85 f6 7e 4d 0f 1f 40 00
0x00000001800039b0:   8b c7 ff c7 83 f8 14 7d 40 85 ed 78 0d ff 15 3d
0x00000001800039c0:   36 01 00 41 2b c7 3b c5 7d 2f 8b 4c 24 70 48 63
0x00000001800039d0:   d3 44 8b c6 48 03 54 24 78 e8 22 3d 00 00 85 c0
0x00000001800039e0:   78 33 74 06 03 d8 2b f0 eb 0a b9 e8 03 00 00 e8
0x00000001800039f0:   1c 27 00 00 41 3b de 7c b7 8b c3 45 89 6c 24 08
0x0000000180003a00:   48 8b 5c 24 60 48 83 c4 20 41 5f 41 5e 41 5d 41
0x0000000180003a10:   5c 5f 5e 5d c3 e8 62 6d 00 00 83 38 04 74 05 e8
0x0000000180003a20:   58 6d 00 00 83 c8 ff eb d2 cc cc cc cc cc cc cc
0x0000000180003a30:   40 53 48 83 ec 50 83 79 0c 00 48 8b d9 75 08 33
0x0000000180003a40:   c0 48 83 c4 50 5b c3 8b 09 48 8d 54 24 20 e8 91
0x0000000180003a50:   5c 00 00 85 c0 74 0b b8 01 00 00 00 48 83 c4 50
0x0000000180003a60:   5b c3 8b 0b 4c 8d 43 38 ba 59 54 00 00 48 89 7c
0x0000000180003a70:   24 60 e8 49 4e 00 00 85 c0 74 10 b8 01 00 00 00
0x0000000180003a80:   48 8b 7c 24 60 48 83 c4 50 5b c3 83 7b 38 00 74 


Stack slot to memory mapping:
stack at sp + 0 slots: 0x0 is NULL
stack at sp + 1 slots: 0x00000085f38ff070 is pointing into the stack for thread: 0x000001ee2149fdc0
stack at sp + 2 slots: 0x0000000000000003 is an unknown value
stack at sp + 3 slots: 0x0 is NULL
stack at sp + 4 slots: 0x000001ee2149fdc0 is a thread
stack at sp + 5 slots: 0x00000000ffffffff is an unallocated location in the heap
stack at sp + 6 slots: 0x0000000000000001 is an unknown value
stack at sp + 7 slots: 0x0 is NULL


---------------  P R O C E S S  ---------------

Threads class SMR info:
_java_thread_list=0x000001ee214bec30, length=18, elements={
0x000001ee7ebd91c0, 0x000001ee7ebd9e20, 0x000001ee7ebf4800, 0x000001ee7ebf51a0,
0x000001ee7ebf5b40, 0x000001ee7ebf74f0, 0x000001ee7ebfcb80, 0x000001ee7ec25490,
0x000001ee7ec299b0, 0x000001ee7bbf9940, 0x000001ee20a283f0, 0x000001ee20afbeb0,
0x000001ee20afc370, 0x000001ee20b39b10, 0x000001ee20cfee70, 0x000001ee214a0760,
0x000001ee2149fdc0, 0x000001ee2149d740
}

Java Threads: ( => current thread )
  0x000001ee7ebd91c0 JavaThread "Reference Handler" daemon [_thread_blocked, id=10160, stack(0x00000085f2400000,0x00000085f2500000)]
  0x000001ee7ebd9e20 JavaThread "Finalizer" daemon [_thread_blocked, id=9896, stack(0x00000085f2500000,0x00000085f2600000)]
  0x000001ee7ebf4800 JavaThread "Signal Dispatcher" daemon [_thread_blocked, id=5276, stack(0x00000085f2600000,0x00000085f2700000)]
  0x000001ee7ebf51a0 JavaThread "Attach Listener" daemon [_thread_blocked, id=3244, stack(0x00000085f2700000,0x00000085f2800000)]
  0x000001ee7ebf5b40 JavaThread "Service Thread" daemon [_thread_blocked, id=12156, stack(0x00000085f2800000,0x00000085f2900000)]
  0x000001ee7ebf74f0 JavaThread "Monitor Deflation Thread" daemon [_thread_blocked, id=11884, stack(0x00000085f2900000,0x00000085f2a00000)]
  0x000001ee7ebfcb80 JavaThread "C2 CompilerThread0" daemon [_thread_blocked, id=1312, stack(0x00000085f2a00000,0x00000085f2b00000)]
  0x000001ee7ec25490 JavaThread "C1 CompilerThread0" daemon [_thread_blocked, id=11524, stack(0x00000085f2b00000,0x00000085f2c00000)]
  0x000001ee7ec299b0 JavaThread "Sweeper thread" daemon [_thread_blocked, id=1692, stack(0x00000085f2c00000,0x00000085f2d00000)]
  0x000001ee7bbf9940 JavaThread "Common-Cleaner" daemon [_thread_blocked, id=9440, stack(0x00000085f2d00000,0x00000085f2e00000)]
  0x000001ee20a283f0 JavaThread "Notification Thread" daemon [_thread_blocked, id=6808, stack(0x00000085f2e00000,0x00000085f2f00000)]
  0x000001ee20afbeb0 JavaThread "Java2D Disposer" daemon [_thread_blocked, id=11816, stack(0x00000085f3000000,0x00000085f3100000)]
  0x000001ee20afc370 JavaThread "AWT-Shutdown" [_thread_blocked, id=7960, stack(0x00000085f3100000,0x00000085f3200000)]
  0x000001ee20b39b10 JavaThread "AWT-Windows" daemon [_thread_in_native, id=7204, stack(0x00000085f3200000,0x00000085f3300000)]
  0x000001ee20cfee70 JavaThread "AWT-EventQueue-0" [_thread_blocked, id=12040, stack(0x00000085f3300000,0x00000085f3400000)]
  0x000001ee214a0760 JavaThread "Thread-0" [_thread_in_native, id=11968, stack(0x00000085f3700000,0x00000085f3800000)]
=>0x000001ee2149fdc0 JavaThread "Thread-1" [_thread_in_native, id=12076, stack(0x00000085f3800000,0x00000085f3900000)]
  0x000001ee2149d740 JavaThread "DestroyJavaVM" [_thread_blocked, id=11948, stack(0x00000085f1d00000,0x00000085f1e00000)]

Other Threads:
  0x000001ee7bba6970 VMThread "VM Thread" [stack: 0x00000085f2300000,0x00000085f2400000] [id=8996]
  0x000001ee20a308a0 WatcherThread "VM Periodic Task Thread" [stack: 0x00000085f2f00000,0x00000085f3000000] [id=11760]
  0x000001ee7bb8d380 WorkerThread "GC Thread#0" [stack: 0x00000085f1e00000,0x00000085f1f00000] [id=9188]
  0x000001ee7bb9f000 ConcurrentGCThread "G1 Main Marker" [stack: 0x00000085f1f00000,0x00000085f2000000] [id=12480]
  0x000001ee7bb9f9f0 WorkerThread "G1 Conc#0" [stack: 0x00000085f2000000,0x00000085f2100000] [id=5092]
  0x000001ee7bbe0fb0 ConcurrentGCThread "G1 Refine#0" [stack: 0x00000085f2100000,0x00000085f2200000] [id=10236]
  0x000001ee7bbe18c0 ConcurrentGCThread "G1 Service" [stack: 0x00000085f2200000,0x00000085f2300000] [id=2356]

Threads with active compile tasks:

VM state: not at safepoint (normal execution)

VM Mutex/Monitor currently owned by a thread: None

Heap address: 0x0000000081600000, size: 2026 MB, Compressed Oops mode: 32-bit

CDS archive(s) mapped at: [0x0000000800000000-0x0000000800ba0000-0x0000000800ba0000), size 12189696, SharedBaseAddress: 0x0000000800000000, ArchiveRelocationMode: 0.
Compressed class space mapped at: 0x0000000800c00000-0x0000000840c00000, reserved size: 1073741824
Narrow klass base: 0x0000000800000000, Narrow klass shift: 0, Narrow klass range: 0x100000000

GC Precious Log:
 CardTable entry size: 512
 Card Set container configuration: InlinePtr #cards 5 size 8 Array Of Cards #cards 12 size 40 Howl #buckets 4 coarsen threshold 1843 Howl Bitmap #cards 512 size 80 coarsen threshold 460 Card regions per heap region 1 cards per card region 2048
 CPUs: 4 total, 4 available
 Memory: 8103M
 Large Page Support: Disabled
 NUMA Support: Disabled
 Compressed Oops: Enabled (32-bit)
 Heap Region Size: 1M
 Heap Min Capacity: 8M
 Heap Initial Capacity: 128M
 Heap Max Capacity: 2026M
 Pre-touch: Disabled
 Parallel Workers: 4
 Concurrent Workers: 1
 Concurrent Refinement Workers: 4
 Periodic GC: Disabled

Heap:
 garbage-first heap   total 131072K, used 7168K [0x0000000081600000, 0x0000000100000000)
  region size 1024K, 8 young (8192K), 0 survivors (0K)
 Metaspace       used 7820K, committed 8000K, reserved 1114112K
  class space    used 882K, committed 960K, reserved 1048576K

Heap Regions: E=young(eden), S=young(survivor), O=old, HS=humongous(starts), HC=humongous(continues), CS=collection set, F=free, OA=open archive, CA=closed archive, TAMS=top-at-mark-start (previous, next)
|   0|0x0000000081600000, 0x0000000081600000, 0x0000000081700000|  0%| F|  |TAMS 0x0000000081600000, 0x0000000081600000| Untracked 
|   1|0x0000000081700000, 0x0000000081700000, 0x0000000081800000|  0%| F|  |TAMS 0x0000000081700000, 0x0000000081700000| Untracked 
|   2|0x0000000081800000, 0x0000000081800000, 0x0000000081900000|  0%| F|  |TAMS 0x0000000081800000, 0x0000000081800000| Untracked 
|   3|0x0000000081900000, 0x0000000081900000, 0x0000000081a00000|  0%| F|  |TAMS 0x0000000081900000, 0x0000000081900000| Untracked 
|   4|0x0000000081a00000, 0x0000000081a00000, 0x0000000081b00000|  0%| F|  |TAMS 0x0000000081a00000, 0x0000000081a00000| Untracked 
|   5|0x0000000081b00000, 0x0000000081b00000, 0x0000000081c00000|  0%| F|  |TAMS 0x0000000081b00000, 0x0000000081b00000| Untracked 
|   6|0x0000000081c00000, 0x0000000081c00000, 0x0000000081d00000|  0%| F|  |TAMS 0x0000000081c00000, 0x0000000081c00000| Untracked 
|   7|0x0000000081d00000, 0x0000000081d00000, 0x0000000081e00000|  0%| F|  |TAMS 0x0000000081d00000, 0x0000000081d00000| Untracked 
|   8|0x0000000081e00000, 0x0000000081e00000, 0x0000000081f00000|  0%| F|  |TAMS 0x0000000081e00000, 0x0000000081e00000| Untracked 
|   9|0x0000000081f00000, 0x0000000081f00000, 0x0000000082000000|  0%| F|  |TAMS 0x0000000081f00000, 0x0000000081f00000| Untracked 
|  10|0x0000000082000000, 0x0000000082000000, 0x0000000082100000|  0%| F|  |TAMS 0x0000000082000000, 0x0000000082000000| Untracked 
|  11|0x0000000082100000, 0x0000000082100000, 0x0000000082200000|  0%| F|  |TAMS 0x0000000082100000, 0x0000000082100000| Untracked 
|  12|0x0000000082200000, 0x0000000082200000, 0x0000000082300000|  0%| F|  |TAMS 0x0000000082200000, 0x0000000082200000| Untracked 
|  13|0x0000000082300000, 0x0000000082300000, 0x0000000082400000|  0%| F|  |TAMS 0x0000000082300000, 0x0000000082300000| Untracked 
|  14|0x0000000082400000, 0x0000000082400000, 0x0000000082500000|  0%| F|  |TAMS 0x0000000082400000, 0x0000000082400000| Untracked 
|  15|0x0000000082500000, 0x0000000082500000, 0x0000000082600000|  0%| F|  |TAMS 0x0000000082500000, 0x0000000082500000| Untracked 
|  16|0x0000000082600000, 0x0000000082600000, 0x0000000082700000|  0%| F|  |TAMS 0x0000000082600000, 0x0000000082600000| Untracked 
|  17|0x0000000082700000, 0x0000000082700000, 0x0000000082800000|  0%| F|  |TAMS 0x0000000082700000, 0x0000000082700000| Untracked 
|  18|0x0000000082800000, 0x0000000082800000, 0x0000000082900000|  0%| F|  |TAMS 0x0000000082800000, 0x0000000082800000| Untracked 
|  19|0x0000000082900000, 0x0000000082900000, 0x0000000082a00000|  0%| F|  |TAMS 0x0000000082900000, 0x0000000082900000| Untracked 
|  20|0x0000000082a00000, 0x0000000082a00000, 0x0000000082b00000|  0%| F|  |TAMS 0x0000000082a00000, 0x0000000082a00000| Untracked 
|  21|0x0000000082b00000, 0x0000000082b00000, 0x0000000082c00000|  0%| F|  |TAMS 0x0000000082b00000, 0x0000000082b00000| Untracked 
|  22|0x0000000082c00000, 0x0000000082c00000, 0x0000000082d00000|  0%| F|  |TAMS 0x0000000082c00000, 0x0000000082c00000| Untracked 
|  23|0x0000000082d00000, 0x0000000082d00000, 0x0000000082e00000|  0%| F|  |TAMS 0x0000000082d00000, 0x0000000082d00000| Untracked 
|  24|0x0000000082e00000, 0x0000000082e00000, 0x0000000082f00000|  0%| F|  |TAMS 0x0000000082e00000, 0x0000000082e00000| Untracked 
|  25|0x0000000082f00000, 0x0000000082f00000, 0x0000000083000000|  0%| F|  |TAMS 0x0000000082f00000, 0x0000000082f00000| Untracked 
|  26|0x0000000083000000, 0x0000000083000000, 0x0000000083100000|  0%| F|  |TAMS 0x0000000083000000, 0x0000000083000000| Untracked 
|  27|0x0000000083100000, 0x0000000083100000, 0x0000000083200000|  0%| F|  |TAMS 0x0000000083100000, 0x0000000083100000| Untracked 
|  28|0x0000000083200000, 0x0000000083200000, 0x0000000083300000|  0%| F|  |TAMS 0x0000000083200000, 0x0000000083200000| Untracked 
|  29|0x0000000083300000, 0x0000000083300000, 0x0000000083400000|  0%| F|  |TAMS 0x0000000083300000, 0x0000000083300000| Untracked 
|  30|0x0000000083400000, 0x0000000083400000, 0x0000000083500000|  0%| F|  |TAMS 0x0000000083400000, 0x0000000083400000| Untracked 
|  31|0x0000000083500000, 0x0000000083500000, 0x0000000083600000|  0%| F|  |TAMS 0x0000000083500000, 0x0000000083500000| Untracked 
|  32|0x0000000083600000, 0x0000000083600000, 0x0000000083700000|  0%| F|  |TAMS 0x0000000083600000, 0x0000000083600000| Untracked 
|  33|0x0000000083700000, 0x0000000083700000, 0x0000000083800000|  0%| F|  |TAMS 0x0000000083700000, 0x0000000083700000| Untracked 
|  34|0x0000000083800000, 0x0000000083800000, 0x0000000083900000|  0%| F|  |TAMS 0x0000000083800000, 0x0000000083800000| Untracked 
|  35|0x0000000083900000, 0x0000000083900000, 0x0000000083a00000|  0%| F|  |TAMS 0x0000000083900000, 0x0000000083900000| Untracked 
|  36|0x0000000083a00000, 0x0000000083a00000, 0x0000000083b00000|  0%| F|  |TAMS 0x0000000083a00000, 0x0000000083a00000| Untracked 
|  37|0x0000000083b00000, 0x0000000083b00000, 0x0000000083c00000|  0%| F|  |TAMS 0x0000000083b00000, 0x0000000083b00000| Untracked 
|  38|0x0000000083c00000, 0x0000000083c00000, 0x0000000083d00000|  0%| F|  |TAMS 0x0000000083c00000, 0x0000000083c00000| Untracked 
|  39|0x0000000083d00000, 0x0000000083d00000, 0x0000000083e00000|  0%| F|  |TAMS 0x0000000083d00000, 0x0000000083d00000| Untracked 
|  40|0x0000000083e00000, 0x0000000083e00000, 0x0000000083f00000|  0%| F|  |TAMS 0x0000000083e00000, 0x0000000083e00000| Untracked 
|  41|0x0000000083f00000, 0x0000000083f00000, 0x0000000084000000|  0%| F|  |TAMS 0x0000000083f00000, 0x0000000083f00000| Untracked 
|  42|0x0000000084000000, 0x0000000084000000, 0x0000000084100000|  0%| F|  |TAMS 0x0000000084000000, 0x0000000084000000| Untracked 
|  43|0x0000000084100000, 0x0000000084100000, 0x0000000084200000|  0%| F|  |TAMS 0x0000000084100000, 0x0000000084100000| Untracked 
|  44|0x0000000084200000, 0x0000000084200000, 0x0000000084300000|  0%| F|  |TAMS 0x0000000084200000, 0x0000000084200000| Untracked 
|  45|0x0000000084300000, 0x0000000084300000, 0x0000000084400000|  0%| F|  |TAMS 0x0000000084300000, 0x0000000084300000| Untracked 
|  46|0x0000000084400000, 0x0000000084400000, 0x0000000084500000|  0%| F|  |TAMS 0x0000000084400000, 0x0000000084400000| Untracked 
|  47|0x0000000084500000, 0x0000000084500000, 0x0000000084600000|  0%| F|  |TAMS 0x0000000084500000, 0x0000000084500000| Untracked 
|  48|0x0000000084600000, 0x0000000084600000, 0x0000000084700000|  0%| F|  |TAMS 0x0000000084600000, 0x0000000084600000| Untracked 
|  49|0x0000000084700000, 0x0000000084700000, 0x0000000084800000|  0%| F|  |TAMS 0x0000000084700000, 0x0000000084700000| Untracked 
|  50|0x0000000084800000, 0x0000000084800000, 0x0000000084900000|  0%| F|  |TAMS 0x0000000084800000, 0x0000000084800000| Untracked 
|  51|0x0000000084900000, 0x0000000084900000, 0x0000000084a00000|  0%| F|  |TAMS 0x0000000084900000, 0x0000000084900000| Untracked 
|  52|0x0000000084a00000, 0x0000000084a00000, 0x0000000084b00000|  0%| F|  |TAMS 0x0000000084a00000, 0x0000000084a00000| Untracked 
|  53|0x0000000084b00000, 0x0000000084b00000, 0x0000000084c00000|  0%| F|  |TAMS 0x0000000084b00000, 0x0000000084b00000| Untracked 
|  54|0x0000000084c00000, 0x0000000084c00000, 0x0000000084d00000|  0%| F|  |TAMS 0x0000000084c00000, 0x0000000084c00000| Untracked 
|  55|0x0000000084d00000, 0x0000000084d00000, 0x0000000084e00000|  0%| F|  |TAMS 0x0000000084d00000, 0x0000000084d00000| Untracked 
|  56|0x0000000084e00000, 0x0000000084e00000, 0x0000000084f00000|  0%| F|  |TAMS 0x0000000084e00000, 0x0000000084e00000| Untracked 
|  57|0x0000000084f00000, 0x0000000084f00000, 0x0000000085000000|  0%| F|  |TAMS 0x0000000084f00000, 0x0000000084f00000| Untracked 
|  58|0x0000000085000000, 0x0000000085000000, 0x0000000085100000|  0%| F|  |TAMS 0x0000000085000000, 0x0000000085000000| Untracked 
|  59|0x0000000085100000, 0x0000000085100000, 0x0000000085200000|  0%| F|  |TAMS 0x0000000085100000, 0x0000000085100000| Untracked 
|  60|0x0000000085200000, 0x0000000085200000, 0x0000000085300000|  0%| F|  |TAMS 0x0000000085200000, 0x0000000085200000| Untracked 
|  61|0x0000000085300000, 0x0000000085300000, 0x0000000085400000|  0%| F|  |TAMS 0x0000000085300000, 0x0000000085300000| Untracked 
|  62|0x0000000085400000, 0x0000000085400000, 0x0000000085500000|  0%| F|  |TAMS 0x0000000085400000, 0x0000000085400000| Untracked 
|  63|0x0000000085500000, 0x0000000085500000, 0x0000000085600000|  0%| F|  |TAMS 0x0000000085500000, 0x0000000085500000| Untracked 
|  64|0x0000000085600000, 0x0000000085600000, 0x0000000085700000|  0%| F|  |TAMS 0x0000000085600000, 0x0000000085600000| Untracked 
|  65|0x0000000085700000, 0x0000000085700000, 0x0000000085800000|  0%| F|  |TAMS 0x0000000085700000, 0x0000000085700000| Untracked 
|  66|0x0000000085800000, 0x0000000085800000, 0x0000000085900000|  0%| F|  |TAMS 0x0000000085800000, 0x0000000085800000| Untracked 
|  67|0x0000000085900000, 0x0000000085900000, 0x0000000085a00000|  0%| F|  |TAMS 0x0000000085900000, 0x0000000085900000| Untracked 
|  68|0x0000000085a00000, 0x0000000085a00000, 0x0000000085b00000|  0%| F|  |TAMS 0x0000000085a00000, 0x0000000085a00000| Untracked 
|  69|0x0000000085b00000, 0x0000000085b00000, 0x0000000085c00000|  0%| F|  |TAMS 0x0000000085b00000, 0x0000000085b00000| Untracked 
|  70|0x0000000085c00000, 0x0000000085c00000, 0x0000000085d00000|  0%| F|  |TAMS 0x0000000085c00000, 0x0000000085c00000| Untracked 
|  71|0x0000000085d00000, 0x0000000085d00000, 0x0000000085e00000|  0%| F|  |TAMS 0x0000000085d00000, 0x0000000085d00000| Untracked 
|  72|0x0000000085e00000, 0x0000000085e00000, 0x0000000085f00000|  0%| F|  |TAMS 0x0000000085e00000, 0x0000000085e00000| Untracked 
|  73|0x0000000085f00000, 0x0000000085f00000, 0x0000000086000000|  0%| F|  |TAMS 0x0000000085f00000, 0x0000000085f00000| Untracked 
|  74|0x0000000086000000, 0x0000000086000000, 0x0000000086100000|  0%| F|  |TAMS 0x0000000086000000, 0x0000000086000000| Untracked 
|  75|0x0000000086100000, 0x0000000086100000, 0x0000000086200000|  0%| F|  |TAMS 0x0000000086100000, 0x0000000086100000| Untracked 
|  76|0x0000000086200000, 0x0000000086200000, 0x0000000086300000|  0%| F|  |TAMS 0x0000000086200000, 0x0000000086200000| Untracked 
|  77|0x0000000086300000, 0x0000000086300000, 0x0000000086400000|  0%| F|  |TAMS 0x0000000086300000, 0x0000000086300000| Untracked 
|  78|0x0000000086400000, 0x0000000086400000, 0x0000000086500000|  0%| F|  |TAMS 0x0000000086400000, 0x0000000086400000| Untracked 
|  79|0x0000000086500000, 0x0000000086500000, 0x0000000086600000|  0%| F|  |TAMS 0x0000000086500000, 0x0000000086500000| Untracked 
|  80|0x0000000086600000, 0x0000000086600000, 0x0000000086700000|  0%| F|  |TAMS 0x0000000086600000, 0x0000000086600000| Untracked 
|  81|0x0000000086700000, 0x0000000086700000, 0x0000000086800000|  0%| F|  |TAMS 0x0000000086700000, 0x0000000086700000| Untracked 
|  82|0x0000000086800000, 0x0000000086800000, 0x0000000086900000|  0%| F|  |TAMS 0x0000000086800000, 0x0000000086800000| Untracked 
|  83|0x0000000086900000, 0x0000000086900000, 0x0000000086a00000|  0%| F|  |TAMS 0x0000000086900000, 0x0000000086900000| Untracked 
|  84|0x0000000086a00000, 0x0000000086a00000, 0x0000000086b00000|  0%| F|  |TAMS 0x0000000086a00000, 0x0000000086a00000| Untracked 
|  85|0x0000000086b00000, 0x0000000086b00000, 0x0000000086c00000|  0%| F|  |TAMS 0x0000000086b00000, 0x0000000086b00000| Untracked 
|  86|0x0000000086c00000, 0x0000000086c00000, 0x0000000086d00000|  0%| F|  |TAMS 0x0000000086c00000, 0x0000000086c00000| Untracked 
|  87|0x0000000086d00000, 0x0000000086d00000, 0x0000000086e00000|  0%| F|  |TAMS 0x0000000086d00000, 0x0000000086d00000| Untracked 
|  88|0x0000000086e00000, 0x0000000086e00000, 0x0000000086f00000|  0%| F|  |TAMS 0x0000000086e00000, 0x0000000086e00000| Untracked 
|  89|0x0000000086f00000, 0x0000000086f00000, 0x0000000087000000|  0%| F|  |TAMS 0x0000000086f00000, 0x0000000086f00000| Untracked 
|  90|0x0000000087000000, 0x0000000087000000, 0x0000000087100000|  0%| F|  |TAMS 0x0000000087000000, 0x0000000087000000| Untracked 
|  91|0x0000000087100000, 0x0000000087100000, 0x0000000087200000|  0%| F|  |TAMS 0x0000000087100000, 0x0000000087100000| Untracked 
|  92|0x0000000087200000, 0x0000000087200000, 0x0000000087300000|  0%| F|  |TAMS 0x0000000087200000, 0x0000000087200000| Untracked 
|  93|0x0000000087300000, 0x0000000087300000, 0x0000000087400000|  0%| F|  |TAMS 0x0000000087300000, 0x0000000087300000| Untracked 
|  94|0x0000000087400000, 0x0000000087400000, 0x0000000087500000|  0%| F|  |TAMS 0x0000000087400000, 0x0000000087400000| Untracked 
|  95|0x0000000087500000, 0x0000000087500000, 0x0000000087600000|  0%| F|  |TAMS 0x0000000087500000, 0x0000000087500000| Untracked 
|  96|0x0000000087600000, 0x0000000087600000, 0x0000000087700000|  0%| F|  |TAMS 0x0000000087600000, 0x0000000087600000| Untracked 
|  97|0x0000000087700000, 0x0000000087700000, 0x0000000087800000|  0%| F|  |TAMS 0x0000000087700000, 0x0000000087700000| Untracked 
|  98|0x0000000087800000, 0x0000000087800000, 0x0000000087900000|  0%| F|  |TAMS 0x0000000087800000, 0x0000000087800000| Untracked 
|  99|0x0000000087900000, 0x0000000087900000, 0x0000000087a00000|  0%| F|  |TAMS 0x0000000087900000, 0x0000000087900000| Untracked 
| 100|0x0000000087a00000, 0x0000000087a00000, 0x0000000087b00000|  0%| F|  |TAMS 0x0000000087a00000, 0x0000000087a00000| Untracked 
| 101|0x0000000087b00000, 0x0000000087b00000, 0x0000000087c00000|  0%| F|  |TAMS 0x0000000087b00000, 0x0000000087b00000| Untracked 
| 102|0x0000000087c00000, 0x0000000087c00000, 0x0000000087d00000|  0%| F|  |TAMS 0x0000000087c00000, 0x0000000087c00000| Untracked 
| 103|0x0000000087d00000, 0x0000000087d00000, 0x0000000087e00000|  0%| F|  |TAMS 0x0000000087d00000, 0x0000000087d00000| Untracked 
| 104|0x0000000087e00000, 0x0000000087e00000, 0x0000000087f00000|  0%| F|  |TAMS 0x0000000087e00000, 0x0000000087e00000| Untracked 
| 105|0x0000000087f00000, 0x0000000087f00000, 0x0000000088000000|  0%| F|  |TAMS 0x0000000087f00000, 0x0000000087f00000| Untracked 
| 106|0x0000000088000000, 0x0000000088000000, 0x0000000088100000|  0%| F|  |TAMS 0x0000000088000000, 0x0000000088000000| Untracked 
| 107|0x0000000088100000, 0x0000000088100000, 0x0000000088200000|  0%| F|  |TAMS 0x0000000088100000, 0x0000000088100000| Untracked 
| 108|0x0000000088200000, 0x0000000088200000, 0x0000000088300000|  0%| F|  |TAMS 0x0000000088200000, 0x0000000088200000| Untracked 
| 109|0x0000000088300000, 0x0000000088300000, 0x0000000088400000|  0%| F|  |TAMS 0x0000000088300000, 0x0000000088300000| Untracked 
| 110|0x0000000088400000, 0x0000000088400000, 0x0000000088500000|  0%| F|  |TAMS 0x0000000088400000, 0x0000000088400000| Untracked 
| 111|0x0000000088500000, 0x0000000088500000, 0x0000000088600000|  0%| F|  |TAMS 0x0000000088500000, 0x0000000088500000| Untracked 
| 112|0x0000000088600000, 0x0000000088600000, 0x0000000088700000|  0%| F|  |TAMS 0x0000000088600000, 0x0000000088600000| Untracked 
| 113|0x0000000088700000, 0x0000000088700000, 0x0000000088800000|  0%| F|  |TAMS 0x0000000088700000, 0x0000000088700000| Untracked 
| 114|0x0000000088800000, 0x0000000088800000, 0x0000000088900000|  0%| F|  |TAMS 0x0000000088800000, 0x0000000088800000| Untracked 
| 115|0x0000000088900000, 0x0000000088900000, 0x0000000088a00000|  0%| F|  |TAMS 0x0000000088900000, 0x0000000088900000| Untracked 
| 116|0x0000000088a00000, 0x0000000088a00000, 0x0000000088b00000|  0%| F|  |TAMS 0x0000000088a00000, 0x0000000088a00000| Untracked 
| 117|0x0000000088b00000, 0x0000000088b00000, 0x0000000088c00000|  0%| F|  |TAMS 0x0000000088b00000, 0x0000000088b00000| Untracked 
| 118|0x0000000088c00000, 0x0000000088c00000, 0x0000000088d00000|  0%| F|  |TAMS 0x0000000088c00000, 0x0000000088c00000| Untracked 
| 119|0x0000000088d00000, 0x0000000088d00000, 0x0000000088e00000|  0%| F|  |TAMS 0x0000000088d00000, 0x0000000088d00000| Untracked 
| 120|0x0000000088e00000, 0x0000000088e7a360, 0x0000000088f00000| 47%| E|  |TAMS 0x0000000088e00000, 0x0000000088e00000| Complete 
| 121|0x0000000088f00000, 0x0000000089000000, 0x0000000089000000|100%| E|CS|TAMS 0x0000000088f00000, 0x0000000088f00000| Complete 
| 122|0x0000000089000000, 0x0000000089100000, 0x0000000089100000|100%| E|CS|TAMS 0x0000000089000000, 0x0000000089000000| Complete 
| 123|0x0000000089100000, 0x0000000089200000, 0x0000000089200000|100%| E|CS|TAMS 0x0000000089100000, 0x0000000089100000| Complete 
| 124|0x0000000089200000, 0x0000000089300000, 0x0000000089300000|100%| E|CS|TAMS 0x0000000089200000, 0x0000000089200000| Complete 
| 125|0x0000000089300000, 0x0000000089400000, 0x0000000089400000|100%| E|CS|TAMS 0x0000000089300000, 0x0000000089300000| Complete 
| 126|0x0000000089400000, 0x0000000089500000, 0x0000000089500000|100%| E|CS|TAMS 0x0000000089400000, 0x0000000089400000| Complete 
| 127|0x0000000089500000, 0x0000000089600000, 0x0000000089600000|100%| E|CS|TAMS 0x0000000089500000, 0x0000000089500000| Complete 

Card table byte_map: [0x000001ee7de20000,0x000001ee7e220000] _byte_map_base: 0x000001ee7da15000

Marking Bits (Prev, Next): (CMBitMap*) 0x000001ee7bb8e990, (CMBitMap*) 0x000001ee7bb8e9d0
 Prev Bits: [0x000001ee16860000, 0x000001ee18808000)
 Next Bits: [0x000001ee18810000, 0x000001ee1a7b8000)

Polling page: 0x000001ee7d3b0000

Metaspace:

Usage:
  Non-class:      6.78 MB used.
      Class:    882.15 KB used.
       Both:      7.64 MB used.

Virtual space:
  Non-class space:       64.00 MB reserved,       6.88 MB ( 11%) committed,  1 nodes.
      Class space:        1.00 GB reserved,     960.00 KB ( <1%) committed,  1 nodes.
             Both:        1.06 GB reserved,       7.81 MB ( <1%) committed. 

Chunk freelists:
   Non-Class:  878.00 KB
       Class:  3.09 MB
        Both:  3.95 MB

MaxMetaspaceSize: unlimited
CompressedClassSpaceSize: 1.00 GB
Initial GC threshold: 21.00 MB
Current GC threshold: 21.00 MB
CDS: on
MetaspaceReclaimPolicy: balanced
 - commit_granule_bytes: 65536.
 - commit_granule_words: 8192.
 - virtual_space_node_default_size: 8388608.
 - enlarge_chunks_in_place: 1.
 - new_chunks_are_fully_committed: 0.
 - uncommit_free_chunks: 1.
 - use_allocation_guard: 0.


Internal statistics:

num_allocs_failed_limit: 0.
num_arena_births: 118.
num_arena_deaths: 0.
num_vsnodes_births: 2.
num_vsnodes_deaths: 0.
num_space_committed: 125.
num_space_uncommitted: 0.
num_chunks_returned_to_freelist: 0.
num_chunks_taken_from_freelist: 181.
num_chunk_merges: 0.
num_chunk_splits: 97.
num_chunks_enlarged: 29.
num_inconsistent_stats: 0.

CodeHeap 'non-profiled nmethods': size=120000Kb used=215Kb max_used=215Kb free=119784Kb
 bounds [0x000001ee0f330000, 0x000001ee0f5a0000, 0x000001ee16860000]
CodeHeap 'profiled nmethods': size=120000Kb used=1020Kb max_used=1020Kb free=118979Kb
 bounds [0x000001ee07e00000, 0x000001ee08070000, 0x000001ee0f330000]
CodeHeap 'non-nmethods': size=5760Kb used=1288Kb max_used=1288Kb free=4471Kb
 bounds [0x000001ee07860000, 0x000001ee07ad0000, 0x000001ee07e00000]
 total_blobs=1348 nmethods=741 adapters=520
 compilation: enabled
              stopped_count=0, restarted_count=0
 full_count=0

Compilation events (20 events):
Event: 0.758 Thread 0x000001ee7ec25490  720       3       java.util.StringTokenizer::skipDelimiters (116 bytes)
Event: 0.759 Thread 0x000001ee7ebfcb80  721       4       java.lang.StringLatin1::indexOf (36 bytes)
Event: 0.760 Thread 0x000001ee7ec25490 nmethod 720 0x000001ee07ef9810 code [0x000001ee07ef9aa0, 0x000001ee07efa7e8]
Event: 0.760 Thread 0x000001ee7ec25490  722       3       java.util.StringTokenizer::nextToken (92 bytes)
Event: 0.761 Thread 0x000001ee7ec25490 nmethod 722 0x000001ee07efad10 code [0x000001ee07efaee0, 0x000001ee07efb218]
Event: 0.761 Thread 0x000001ee7ec25490  723       3       java.util.StringTokenizer::hasMoreTokens (29 bytes)
Event: 0.762 Thread 0x000001ee7ebfcb80 nmethod 721 0x000001ee0f363990 code [0x000001ee0f363b00, 0x000001ee0f363cb8]
Event: 0.762 Thread 0x000001ee7ebfcb80  724       4       java.util.Arrays::copyOfRange (64 bytes)
Event: 0.762 Thread 0x000001ee7ec25490 nmethod 723 0x000001ee07efb390 code [0x000001ee07efb540, 0x000001ee07efb6e8]
Event: 0.765 Thread 0x000001ee7ebfcb80 nmethod 724 0x000001ee0f363e10 code [0x000001ee0f363fa0, 0x000001ee0f3642b8]
Event: 0.765 Thread 0x000001ee7ebfcb80  725       4       java.lang.StringLatin1::newString (24 bytes)
Event: 0.773 Thread 0x000001ee7ebfcb80 nmethod 725 0x000001ee0f364410 code [0x000001ee0f3645a0, 0x000001ee0f364a18]
Event: 0.808 Thread 0x000001ee7ec25490  726       3       java.lang.invoke.Invokers$Holder::linkToTargetMethod (8 bytes)
Event: 0.808 Thread 0x000001ee7ec25490 nmethod 726 0x000001ee07efb790 code [0x000001ee07efb940, 0x000001ee07efbc38]
Event: 0.808 Thread 0x000001ee7ec25490  727       3       java.lang.invoke.LambdaForm$MH/0x0000000800c00800::invoke (8 bytes)
Event: 0.809 Thread 0x000001ee7ec25490 nmethod 727 0x000001ee07efbd10 code [0x000001ee07efbea0, 0x000001ee07efc0f8]
Event: 0.809 Thread 0x000001ee7ec25490  728       3       java.lang.StringUTF16::getChar (60 bytes)
Event: 0.809 Thread 0x000001ee7ec25490 nmethod 728 0x000001ee07efc210 code [0x000001ee07efc3a0, 0x000001ee07efc518]
Event: 0.810 Thread 0x000001ee7ebfcb80  729       4       java.lang.StringUTF16::getChar (60 bytes)
Event: 0.811 Thread 0x000001ee7ebfcb80 nmethod 729 0x000001ee0f364c10 code [0x000001ee0f364d80, 0x000001ee0f364e58]

GC Heap History (0 events):
No events

Deoptimization events (12 events):
Event: 0.287 Thread 0x000001ee7bb2e3c0 Uncommon trap: trap_request=0xffffff45 fr.pc=0x000001ee0f33eb58 relative=0x00000000000009b8
Event: 0.287 Thread 0x000001ee7bb2e3c0 Uncommon trap: reason=unstable_if action=reinterpret pc=0x000001ee0f33eb58 method=java.util.HashMap.putVal(ILjava/lang/Object;Ljava/lang/Object;ZZ)Ljava/lang/Object; @ 236 c2
Event: 0.287 Thread 0x000001ee7bb2e3c0 DEOPT PACKING pc=0x000001ee0f33eb58 sp=0x00000085f1dfdec0
Event: 0.288 Thread 0x000001ee7bb2e3c0 DEOPT UNPACKING pc=0x000001ee078b23a3 sp=0x00000085f1dfde78 mode 2
Event: 0.422 Thread 0x000001ee7bb2e3c0 Uncommon trap: trap_request=0xffffff45 fr.pc=0x000001ee0f3556e8 relative=0x00000000000004a8
Event: 0.422 Thread 0x000001ee7bb2e3c0 Uncommon trap: reason=unstable_if action=reinterpret pc=0x000001ee0f3556e8 method=java.lang.StringLatin1.replace([BCC)Ljava/lang/String; @ 19 c2
Event: 0.422 Thread 0x000001ee7bb2e3c0 DEOPT PACKING pc=0x000001ee0f3556e8 sp=0x00000085f1dfe5d0
Event: 0.422 Thread 0x000001ee7bb2e3c0 DEOPT UNPACKING pc=0x000001ee078b23a3 sp=0x00000085f1dfe550 mode 2
Event: 0.812 Thread 0x000001ee7bb2e3c0 Uncommon trap: trap_request=0xffffff45 fr.pc=0x000001ee0f36499c relative=0x00000000000003fc
Event: 0.812 Thread 0x000001ee7bb2e3c0 Uncommon trap: reason=unstable_if action=reinterpret pc=0x000001ee0f36499c method=java.lang.StringLatin1.newString([BII)Ljava/lang/String; @ 1 c2
Event: 0.812 Thread 0x000001ee7bb2e3c0 DEOPT PACKING pc=0x000001ee0f36499c sp=0x00000085f1dfedc0
Event: 0.812 Thread 0x000001ee7bb2e3c0 DEOPT UNPACKING pc=0x000001ee078b23a3 sp=0x00000085f1dfed88 mode 2

Classes loaded (20 events):
Event: 0.763 Loading class sun/util/resources/LocaleData$LocaleDataResourceBundleProvider
Event: 0.763 Loading class java/util/spi/ResourceBundleProvider
Event: 0.763 Loading class java/util/spi/ResourceBundleProvider done
Event: 0.763 Loading class sun/util/resources/LocaleData$LocaleDataResourceBundleProvider done
Event: 0.763 Loading class sun/util/resources/LocaleData$CommonResourceBundleProvider done
Event: 0.764 Loading class java/util/ArrayList$SubList$1
Event: 0.764 Loading class java/util/ArrayList$SubList$1 done
Event: 0.764 Loading class sun/util/resources/Bundles$2
Event: 0.765 Loading class sun/util/resources/Bundles$2 done
Event: 0.765 Loading class java/lang/InstantiationException
Event: 0.766 Loading class java/lang/InstantiationException done
Event: 0.783 Loading class java/lang/invoke/MethodHandle$1
Event: 0.783 Loading class java/lang/invoke/MethodHandle$1 done
Event: 0.815 Loading class java/awt/SplashScreen
Event: 0.816 Loading class java/awt/SplashScreen done
Event: 0.816 Loading class java/awt/Dialog
Event: 0.816 Loading class java/awt/Dialog done
Event: 0.817 Loading class java/awt/Dialog$ModalityType
Event: 0.817 Loading class java/awt/Dialog$ModalityType done
Event: 0.824 Loading class sun/awt/TimedWindowEvent

Classes unloaded (0 events):
No events

Classes redefined (0 events):
No events

Internal exceptions (19 events):
Event: 0.094 Thread 0x000001ee7bb2e3c0 Exception <a 'sun/nio/fs/WindowsException'{0x000000008943a538}> (0x000000008943a538) 
thrown [t:\workspace\open\src\hotspot\share\prims\jni.cpp, line 516]
Event: 0.094 Thread 0x000001ee7bb2e3c0 Exception <a 'sun/nio/fs/WindowsException'{0x000000008943aa90}> (0x000000008943aa90) 
thrown [t:\workspace\open\src\hotspot\share\prims\jni.cpp, line 516]
Event: 0.096 Thread 0x000001ee7bb2e3c0 Exception <a 'sun/nio/fs/WindowsException'{0x000000008943ced8}> (0x000000008943ced8) 
thrown [t:\workspace\open\src\hotspot\share\prims\jni.cpp, line 516]
Event: 0.150 Thread 0x000001ee7bb2e3c0 Exception <a 'java/lang/ClassNotFoundException'{0x00000000894e6c28}: sun/awt/resources/spi/awtProvider> (0x00000000894e6c28) 
thrown [t:\workspace\open\src\hotspot\share\classfile\systemDictionary.cpp, line 255]
Event: 0.183 Thread 0x000001ee7bb2e3c0 Exception <a 'java/io/FileNotFoundException'{0x000000008933a8a8}> (0x000000008933a8a8) 
thrown [t:\workspace\open\src\hotspot\share\prims\jni.cpp, line 516]
Event: 0.194 Thread 0x000001ee7bb2e3c0 Exception <a 'java/io/FileNotFoundException'{0x0000000089367e00}> (0x0000000089367e00) 
thrown [t:\workspace\open\src\hotspot\share\prims\jni.cpp, line 516]
Event: 0.245 Thread 0x000001ee7bb2e3c0 Exception <a 'java/lang/NoSuchMethodError'{0x00000000893ac930}: 'java.lang.Object java.lang.invoke.DirectMethodHandle$Holder.invokeStaticInit(java.lang.Object)'> (0x00000000893ac930) 
thrown [t:\workspace\open\src\hotspot\share\interpreter\linkResolver.cpp, line 766]
Event: 0.293 Thread 0x000001ee7bb2e3c0 Exception <a 'java/lang/NoSuchMethodError'{0x000000008922dbd8}: 'void java.lang.invoke.DirectMethodHandle$Holder.invokeSpecial(java.lang.Object, java.lang.Object, java.lang.Object)'> (0x000000008922dbd8) 
thrown [t:\workspace\open\src\hotspot\share\interpreter\linkResolver.cpp, line 766]
Event: 0.306 Thread 0x000001ee7bb2e3c0 Exception <a 'java/lang/NoSuchMethodError'{0x0000000089259050}: 'java.lang.Object java.lang.invoke.DirectMethodHandle$Holder.newInvokeSpecial(java.lang.Object, java.lang.Object, java.lang.Object, java.lang.Object, java.lang.Object)'> (0x0000000089259050) 
thrown [t:\workspace\open\src\hotspot\share\interpreter\linkResolver.cpp, line 766]
Event: 0.318 Thread 0x000001ee7bb2e3c0 Exception <a 'java/lang/NoSuchMethodError'{0x000000008928ada0}: 'java.lang.Object java.lang.invoke.DirectMethodHandle$Holder.invokeStatic(java.lang.Object, int, java.lang.Object)'> (0x000000008928ada0) 
thrown [t:\workspace\open\src\hotspot\share\interpreter\linkResolver.cpp, line 766]
Event: 0.364 Thread 0x000001ee7bb2e3c0 Exception <a 'java/lang/ClassNotFoundException'{0x0000000089147fb0}: com/sun/swing/internal/plaf/metal/resources/spi/metalProvider> (0x0000000089147fb0) 
thrown [t:\workspace\open\src\hotspot\share\classfile\systemDictionary.cpp, line 255]
Event: 0.365 Thread 0x000001ee7bb2e3c0 Exception <a 'java/lang/ClassNotFoundException'{0x000000008914bfe8}: com/sun/swing/internal/plaf/basic/resources/spi/basicProvider> (0x000000008914bfe8) 
thrown [t:\workspace\open\src\hotspot\share\classfile\systemDictionary.cpp, line 255]
Event: 0.379 Thread 0x000001ee7bb2e3c0 Exception <a 'java/lang/NoSuchMethodError'{0x000000008916c378}: 'int java.lang.invoke.Invokers$Holder.invokeExact_MT(java.lang.Object, java.lang.Object)'> (0x000000008916c378) 
thrown [t:\workspace\open\src\hotspot\share\interpreter\linkResolver.cpp, line 766]
Event: 0.495 Thread 0x000001ee20b39b10 Exception <a 'java/lang/NoSuchMethodError'{0x00000000893d7ed8}: 'void java.lang.invoke.DirectMethodHandle$Holder.invokeVirtual(java.lang.Object, java.lang.Object)'> (0x00000000893d7ed8) 
thrown [t:\workspace\open\src\hotspot\share\interpreter\linkResolver.cpp, line 766]
Event: 0.517 Thread 0x000001ee7bb2e3c0 Exception <a 'java/lang/NoSuchMethodError'{0x00000000891fb898}: 'void java.lang.invoke.DirectMethodHandle$Holder.invokeStaticInit(java.lang.Object)'> (0x00000000891fb898) 
thrown [t:\workspace\open\src\hotspot\share\interpreter\linkResolver.cpp, line 766]
Event: 0.591 Thread 0x000001ee7bb2e3c0 Exception <a 'java/io/FileNotFoundException'{0x00000000890ac108}> (0x00000000890ac108) 
thrown [t:\workspace\open\src\hotspot\share\prims\jni.cpp, line 516]
Event: 0.594 Thread 0x000001ee7bb2e3c0 Exception <a 'java/io/FileNotFoundException'{0x00000000890bd540}> (0x00000000890bd540) 
thrown [t:\workspace\open\src\hotspot\share\prims\jni.cpp, line 516]
Event: 0.596 Thread 0x000001ee7bb2e3c0 Exception <a 'java/io/FileNotFoundException'{0x00000000890cc188}> (0x00000000890cc188) 
thrown [t:\workspace\open\src\hotspot\share\prims\jni.cpp, line 516]
Event: 0.599 Thread 0x000001ee7bb2e3c0 Exception <a 'java/io/FileNotFoundException'{0x00000000890dd070}> (0x00000000890dd070) 
thrown [t:\workspace\open\src\hotspot\share\prims\jni.cpp, line 516]

VM Operations (4 events):
Event: 0.097 Executing VM operation: HandshakeAllThreads
Event: 0.097 Executing VM operation: HandshakeAllThreads done
Event: 0.384 Executing VM operation: HandshakeAllThreads
Event: 0.384 Executing VM operation: HandshakeAllThreads done

Events (20 events):
Event: 0.040 Thread 0x000001ee7ebf74f0 Thread added: 0x000001ee7ebf74f0
Event: 0.041 Thread 0x000001ee7ebfcb80 Thread added: 0x000001ee7ebfcb80
Event: 0.041 Thread 0x000001ee7ec25490 Thread added: 0x000001ee7ec25490
Event: 0.041 Thread 0x000001ee7ec299b0 Thread added: 0x000001ee7ec299b0
Event: 0.072 Thread 0x000001ee7bbf9940 Thread added: 0x000001ee7bbf9940
Event: 0.090 Loaded shared library C:\Program Files\Java\jdk-18\bin\net.dll
Event: 0.092 Loaded shared library C:\Program Files\Java\jdk-18\bin\nio.dll
Event: 0.114 Thread 0x000001ee20a283f0 Thread added: 0x000001ee20a283f0
Event: 0.121 Loaded shared library C:\Program Files\Java\jdk-18\bin\zip.dll
Event: 0.142 Loaded shared library C:\Program Files\Java\jdk-18\bin\jimage.dll
Event: 0.163 Loaded shared library C:\Program Files\Java\jdk-18\bin\awt.dll
Event: 0.246 Thread 0x000001ee20afbeb0 Thread added: 0x000001ee20afbeb0
Event: 0.247 Thread 0x000001ee20afc370 Thread added: 0x000001ee20afc370
Event: 0.249 Thread 0x000001ee20b39b10 Thread added: 0x000001ee20b39b10
Event: 0.428 Loaded shared library C:\Program Files\Java\jdk-18\bin\freetype.dll
Event: 0.430 Loaded shared library C:\Program Files\Java\jdk-18\bin\fontmanager.dll
Event: 0.484 Thread 0x000001ee20cfee70 Thread added: 0x000001ee20cfee70
Event: 0.589 Loaded shared library C:\JavaRXTX\x64\rxtxSerial.dll
Event: 0.610 Thread 0x000001ee214a0760 Thread added: 0x000001ee214a0760
Event: 0.815 Thread 0x000001ee2149fdc0 Thread added: 0x000001ee2149fdc0


Dynamic libraries:
0x00007ff703620000 - 0x00007ff703630000 	C:\Program Files\Java\jdk-18\bin\java.exe
0x00007ffe603f0000 - 0x00007ffe605e8000 	C:\Windows\SYSTEM32\ntdll.dll
0x00007ffe5e740000 - 0x00007ffe5e7ff000 	C:\Windows\System32\KERNEL32.DLL
0x00007ffe5e0e0000 - 0x00007ffe5e3d6000 	C:\Windows\System32\KERNELBASE.dll
0x00007ffe5dc20000 - 0x00007ffe5dd20000 	C:\Windows\System32\ucrtbase.dll
0x00007ffe41dd0000 - 0x00007ffe41dea000 	C:\Program Files\Java\jdk-18\bin\VCRUNTIME140.dll
0x00007ffe448e0000 - 0x00007ffe448f8000 	C:\Program Files\Java\jdk-18\bin\jli.dll
0x00007ffe5f2d0000 - 0x00007ffe5f37f000 	C:\Windows\System32\ADVAPI32.dll
0x00007ffe5ea00000 - 0x00007ffe5ea9e000 	C:\Windows\System32\msvcrt.dll
0x00007ffe5fb60000 - 0x00007ffe5fbfc000 	C:\Windows\System32\sechost.dll
0x00007ffe5f0c0000 - 0x00007ffe5f1e6000 	C:\Windows\System32\RPCRT4.dll
0x00007ffe5f830000 - 0x00007ffe5f9cd000 	C:\Windows\System32\USER32.dll
0x00007ffe3b640000 - 0x00007ffe3b8da000 	C:\Windows\WinSxS\amd64_microsoft.windows.common-controls_6595b64144ccf1df_6.0.19041.1110_none_60b5254171f9507e\COMCTL32.dll
0x00007ffe5dbf0000 - 0x00007ffe5dc12000 	C:\Windows\System32\win32u.dll
0x00007ffe5f800000 - 0x00007ffe5f82c000 	C:\Windows\System32\GDI32.dll
0x00007ffe5de80000 - 0x00007ffe5df95000 	C:\Windows\System32\gdi32full.dll
0x00007ffe5db50000 - 0x00007ffe5dbed000 	C:\Windows\System32\msvcp_win.dll
0x00007ffe56b30000 - 0x00007ffe56b3a000 	C:\Windows\SYSTEM32\VERSION.dll
0x00007ffe5f1f0000 - 0x00007ffe5f220000 	C:\Windows\System32\IMM32.DLL
0x00007ffe58c80000 - 0x00007ffe58c8c000 	C:\Program Files\Java\jdk-18\bin\vcruntime140_1.dll
0x00007ffe3acb0000 - 0x00007ffe3ad3d000 	C:\Program Files\Java\jdk-18\bin\msvcp140.dll
0x00007ffe11890000 - 0x00007ffe124a1000 	C:\Program Files\Java\jdk-18\bin\server\jvm.dll
0x00007ffe5f7f0000 - 0x00007ffe5f7f8000 	C:\Windows\System32\PSAPI.DLL
0x00007ffe41780000 - 0x00007ffe41789000 	C:\Windows\SYSTEM32\WSOCK32.dll
0x00007ffe41750000 - 0x00007ffe41777000 	C:\Windows\SYSTEM32\WINMM.dll
0x00007ffe5ef10000 - 0x00007ffe5ef7b000 	C:\Windows\System32\WS2_32.dll
0x00007ffe5c310000 - 0x00007ffe5c322000 	C:\Windows\SYSTEM32\kernel.appcore.dll
0x00007ffe586a0000 - 0x00007ffe586aa000 	C:\Program Files\Java\jdk-18\bin\jimage.dll
0x00007ffe5b740000 - 0x00007ffe5b924000 	C:\Windows\SYSTEM32\DBGHELP.DLL
0x00007ffe3fc70000 - 0x00007ffe3fca4000 	C:\Windows\SYSTEM32\dbgcore.DLL
0x00007ffe5e050000 - 0x00007ffe5e0d2000 	C:\Windows\System32\bcryptPrimitives.dll
0x00007ffe41a70000 - 0x00007ffe41a95000 	C:\Program Files\Java\jdk-18\bin\java.dll
0x00007ffe32610000 - 0x00007ffe326e6000 	C:\Program Files\Java\jdk-18\bin\jsvml.dll
0x00007ffe5fc00000 - 0x00007ffe60344000 	C:\Windows\System32\SHELL32.dll
0x00007ffe5bb70000 - 0x00007ffe5c303000 	C:\Windows\SYSTEM32\windows.storage.dll
0x00007ffe5f3e0000 - 0x00007ffe5f734000 	C:\Windows\System32\combase.dll
0x00007ffe5d530000 - 0x00007ffe5d55e000 	C:\Windows\SYSTEM32\Wldp.dll
0x00007ffe5f220000 - 0x00007ffe5f2cd000 	C:\Windows\System32\SHCORE.dll
0x00007ffe5f380000 - 0x00007ffe5f3d5000 	C:\Windows\System32\shlwapi.dll
0x00007ffe5da10000 - 0x00007ffe5da2f000 	C:\Windows\SYSTEM32\profapi.dll
0x00007ffe419e0000 - 0x00007ffe419f3000 	C:\Program Files\Java\jdk-18\bin\net.dll
0x00007ffe4f640000 - 0x00007ffe4f74a000 	C:\Windows\SYSTEM32\WINHTTP.dll
0x00007ffe5d290000 - 0x00007ffe5d2fa000 	C:\Windows\system32\mswsock.dll
0x00007ffe41900000 - 0x00007ffe41916000 	C:\Program Files\Java\jdk-18\bin\nio.dll
0x00007ffe3e980000 - 0x00007ffe3e998000 	C:\Program Files\Java\jdk-18\bin\zip.dll
0x00007ffe195d0000 - 0x00007ffe1975f000 	C:\Program Files\Java\jdk-18\bin\awt.dll
0x00007ffe5ef80000 - 0x00007ffe5f04d000 	C:\Windows\System32\OLEAUT32.dll
0x00007ffe5af30000 - 0x00007ffe5afc1000 	C:\Windows\SYSTEM32\apphelp.dll
0x00007ffe5b4e0000 - 0x00007ffe5b50f000 	C:\Windows\system32\DWMAPI.DLL
0x00007ffe5b030000 - 0x00007ffe5b0ce000 	C:\Windows\system32\uxtheme.dll
0x00007ffe28a60000 - 0x00007ffe28b85000 	C:\Windows\system32\opengl32.dll
0x00007ffe28a30000 - 0x00007ffe28a5c000 	C:\Windows\SYSTEM32\GLU32.dll
0x00007ffe5e8e0000 - 0x00007ffe5e9f4000 	C:\Windows\System32\MSCTF.dll
0x00007ffe5e610000 - 0x00007ffe5e73a000 	C:\Windows\System32\ole32.dll
0x00007ffe32740000 - 0x00007ffe327c9000 	C:\Program Files\Java\jdk-18\bin\freetype.dll
0x00007ffe19520000 - 0x00007ffe195c8000 	C:\Program Files\Java\jdk-18\bin\fontmanager.dll
0x00007ffe5f740000 - 0x00007ffe5f7e9000 	C:\Windows\System32\clbcatq.dll
0x00007ffe578b0000 - 0x00007ffe57a64000 	C:\Windows\SYSTEM32\WindowsCodecs.dll
0x00007ffe5db20000 - 0x00007ffe5db47000 	C:\Windows\System32\bcrypt.dll
0x00007ffe28f90000 - 0x00007ffe28fce000 	C:\Windows\system32\dataexchange.dll
0x00007ffe5a1c0000 - 0x00007ffe5a423000 	C:\Windows\system32\d3d11.dll
0x00007ffe5a430000 - 0x00007ffe5a613000 	C:\Windows\system32\dcomp.dll
0x00007ffe5c390000 - 0x00007ffe5c483000 	C:\Windows\system32\dxgi.dll
0x00007ffe57420000 - 0x00007ffe57620000 	C:\Windows\system32\twinapi.appcore.dll
0x0000000180000000 - 0x0000000180025000 	C:\JavaRXTX\x64\rxtxSerial.dll
0x00007ffe4aa70000 - 0x00007ffe4ab6a000 	C:\Windows\SYSTEM32\textinputframework.dll
0x00007ffe5a620000 - 0x00007ffe5a97e000 	C:\Windows\System32\CoreUIComponents.dll
0x00007ffe5ad00000 - 0x00007ffe5adf2000 	C:\Windows\System32\CoreMessaging.dll
0x00007ffe5cc80000 - 0x00007ffe5ccb3000 	C:\Windows\SYSTEM32\ntmarta.dll
0x00007ffe59640000 - 0x00007ffe59794000 	C:\Windows\SYSTEM32\wintypes.dll

dbghelp: loaded successfully - version: 4.0.5 - missing functions: none
symbol engine: initialized successfully - sym options: 0x614 - pdb path: .;C:\Program Files\Java\jdk-18\bin;C:\Windows\SYSTEM32;C:\Windows\WinSxS\amd64_microsoft.windows.common-controls_6595b64144ccf1df_6.0.19041.1110_none_60b5254171f9507e;C:\Program Files\Java\jdk-18\bin\server;C:\JavaRXTX\x64

VM Arguments:
jvm_args: -Dfile.encoding=UTF-8 --module-path=C:\Users\joqle\Documents\NetBeansProjects\JavaApplication11\build\classes 
java_command: javaapplication11.JavaApplication11
java_class_path (initial): C:\Users\joqle\Documents\NetBeansProjects\Librerias\RTXT\SerialJrIng.jar;C:\Users\joqle\Documents\NetBeansProjects\Librerias\RTXT\Recursos.jar;C:\Users\joqle\Documents\NetBeansProjects\JavaApplication11\build\classes
Launcher Type: SUN_STANDARD

[Global flags]
     intx CICompilerCount                          = 3                                         {product} {ergonomic}
     uint ConcGCThreads                            = 1                                         {product} {ergonomic}
     uint G1ConcRefinementThreads                  = 4                                         {product} {ergonomic}
   size_t G1HeapRegionSize                         = 1048576                                   {product} {ergonomic}
    uintx GCDrainStackTargetSize                   = 64                                        {product} {ergonomic}
   size_t InitialHeapSize                          = 134217728                                 {product} {ergonomic}
   size_t MarkStackSize                            = 4194304                                   {product} {ergonomic}
   size_t MaxHeapSize                              = 2124414976                                {product} {ergonomic}
   size_t MaxNewSize                               = 1274019840                                {product} {ergonomic}
   size_t MinHeapDeltaBytes                        = 1048576                                   {product} {ergonomic}
   size_t MinHeapSize                              = 8388608                                   {product} {ergonomic}
    uintx NonNMethodCodeHeapSize                   = 5832780                                {pd product} {ergonomic}
    uintx NonProfiledCodeHeapSize                  = 122912730                              {pd product} {ergonomic}
    uintx ProfiledCodeHeapSize                     = 122912730                              {pd product} {ergonomic}
    uintx ReservedCodeCacheSize                    = 251658240                              {pd product} {ergonomic}
     bool SegmentedCodeCache                       = true                                      {product} {ergonomic}
   size_t SoftMaxHeapSize                          = 2124414976                             {manageable} {ergonomic}
     bool UseCompressedClassPointers               = true                           {product lp64_product} {ergonomic}
     bool UseCompressedOops                        = true                           {product lp64_product} {ergonomic}
     bool UseG1GC                                  = true                                      {product} {ergonomic}
     bool UseLargePagesIndividualAllocation        = false                                  {pd product} {ergonomic}

Logging:
Log output configuration:
 #0: stdout all=warning uptime,level,tags foldmultilines=false
 #1: stderr all=off uptime,level,tags foldmultilines=false

Environment Variables:
JAVA_HOME=C:\OpenJDK\jdk-18
PATH=C:\Program Files\Common Files\Oracle\Java\javapath;C:\Program Files (x86)\Common Files\Oracle\Java\javapath;C:\Windows\system32;C:\Windows;C:\Windows\System32\Wbem;C:\Windows\System32\WindowsPowerShell\v1.0\;C:\Windows\System32\OpenSSH\;C:\Users\joqle\AppData\Local\Microsoft\WindowsApps;C:\Program Files\Git\cmd;C:\OpenJDK\jdk-18\bin;C:\Users\joqle\AppData\Roaming\npm;C:\xampp\php;C:\xampp\mysql\bin;C:\Program Files\Microsoft VS Code\bin;C:\flutter\bin\cache\dart-sdk\bin;C:\flutter\bin;C:\Program Files\dotnet\;C:\Program Files\nodejs\;C:\Users\joqle\AppData\Local\Microsoft\WindowsApps;C:\Users\joqle\AppData\Roaming\npm
USERNAME=joqle
OS=Windows_NT
PROCESSOR_IDENTIFIER=Intel64 Family 6 Model 142 Stepping 9, GenuineIntel



---------------  S Y S T E M  ---------------

OS:
 Windows 10 , 64 bit Build 19041 (10.0.19041.2913)
OS uptime: 0 days 1:14 hours

CPU: total 4 (initial active 4) (2 cores per cpu, 2 threads per core) family 6 model 142 stepping 9 microcode 0xb4, cx8, cmov, fxsr, ht, mmx, 3dnowpref, sse, sse2, sse3, ssse3, sse4.1, sse4.2, popcnt, lzcnt, tsc, tscinvbit, avx, avx2, aes, erms, clmul, bmi1, bmi2, adx, fma, vzeroupper, clflush, clflushopt

Memory: 4k page, system-wide physical 8103M (2350M free)
TotalPageFile size 10151M (AvailPageFile size 3335M)
current process WorkingSet (physical memory assigned to process): 59M, peak: 59M
current process commit charge ("private bytes"): 215M, peak: 215M

vm_info: Java HotSpot(TM) 64-Bit Server VM (18+36-2087) for windows-amd64 JRE (18+36-2087), built on Feb 15 2022 09:43:11 by "mach5one" with MS VC++ 16.8 / 16.9 (VS2019)

END.
