#
# A fatal error has been detected by the Java Runtime Environment:
#
#  EXCEPTION_ACCESS_VIOLATION (0xc0000005) at pc=0x000000007110b5db, pid=12916, tid=11692
#
# JRE version: OpenJDK Runtime Environment (18.0+36) (build 18+36-2087)
# Java VM: OpenJDK 64-Bit Server VM (18+36-2087, mixed mode, sharing, tiered, compressed oops, compressed class ptrs, g1 gc, windows-amd64)
# Problematic frame:
# C  [jSSC-2.8_x86_64.dll+0xb5db]
#
# No core dump will be written. Minidumps are not enabled by default on client versions of Windows
#
# If you would like to submit a bug report, please visit:
#   https://bugreport.java.com/bugreport/crash.jsp
# The crash happened outside the Java Virtual Machine in native code.
# See problematic frame for where to report the bug.
#

---------------  S U M M A R Y ------------

Command Line: -Dfile.encoding=UTF-8 --module-path=C:\Users\joqle\Documents\NetBeansProjects\JavaApplication10\build\classes javaapplication10.JavaApplication10

Host: Intel(R) Core(TM) i3-7020U CPU @ 2.30GHz, 4 cores, 7G,  Windows 10 , 64 bit Build 19041 (10.0.19041.2913)
Time: Fri Jun  9 01:43:34 2023 Hora estándar central (México) elapsed time: 0.144886 seconds (0d 0h 0m 0s)

---------------  T H R E A D  ---------------

Current thread (0x000001939d8958a0):  JavaThread "main" [_thread_in_native, id=11692, stack(0x0000004d20400000,0x0000004d20500000)]

Stack: [0x0000004d20400000,0x0000004d20500000],  sp=0x0000004d204fed10,  free space=1019k
Native frames: (J=compiled Java code, j=interpreted, Vv=VM code, C=native code)
C  [jSSC-2.8_x86_64.dll+0xb5db]

Java frames: (J=compiled Java code, j=interpreted, Vv=VM code)
j  jssc.SerialNativeInterface.openPort(Ljava/lang/String;Z)J+0
j  jssc.SerialPort.openPort()Z+65
j  com.panamahitek.PanamaHitek_Arduino.arduinoRXTX(Ljava/lang/String;ILjssc/SerialPortEventListener;)V+58
j  javaapplication10.JavaApplication10.main([Ljava/lang/String;)V+24
v  ~StubRoutines::call_stub

siginfo: EXCEPTION_ACCESS_VIOLATION (0xc0000005), reading address 0xffffffff9d9a1bf3


Register to memory mapping:

RIP=0x000000007110b5db jSSC-2.8_x86_64.dll
RAX=0xffffffff9d9a1bf3 is an unknown value
RBX=0x0000004d204fed80 is pointing into the stack for thread: 0x000001939d8958a0
RCX=0x00007ffe6048d244 ntdll.dll
RDX=0x0 is NULL
RSP=0x0000004d204fed10 is pointing into the stack for thread: 0x000001939d8958a0
RBP=0x0000004d204fee90 is pointing into the stack for thread: 0x000001939d8958a0
RSI=0x000001939d895b30 points into unknown readable memory: 0x00007ffe396b4710 | 10 47 6b 39 fe 7f 00 00
RDI=0x0000000000000260 is an unknown value
R8 =0x0000004d204fec08 is pointing into the stack for thread: 0x000001939d8958a0
R9 =0x0000004d204fed00 is pointing into the stack for thread: 0x000001939d8958a0
R10=0x0 is NULL
R11=0x0000000000000246 is an unknown value
R12=0x0000004d204fef48 is pointing into the stack for thread: 0x000001939d8958a0
R13=0x00000193c1429310 points into unknown readable memory: 0x000073000000005c | 5c 00 00 00 00 73 00 00
R14=0x0000004d204fee40 is pointing into the stack for thread: 0x000001939d8958a0
R15=0x000001939d8958a0 is a thread


Registers:
RAX=0xffffffff9d9a1bf3, RBX=0x0000004d204fed80, RCX=0x00007ffe6048d244, RDX=0x0000000000000000
RSP=0x0000004d204fed10, RBP=0x0000004d204fee90, RSI=0x000001939d895b30, RDI=0x0000000000000260
R8 =0x0000004d204fec08, R9 =0x0000004d204fed00, R10=0x0000000000000000, R11=0x0000000000000246
R12=0x0000004d204fef48, R13=0x00000193c1429310, R14=0x0000004d204fee40, R15=0x000001939d8958a0
RIP=0x000000007110b5db, EFLAGS=0x0000000000010206

Top of Stack: (sp=0x0000004d204fed10)
0x0000004d204fed10:   00000193c150dbf0 00007ffe604147b1
0x0000004d204fed20:   000000007110b230 000001939d760000
0x0000004d204fed30:   000001939d8958a0 0000000000000004
0x0000004d204fed40:   000001939d895b30 0000000000000260
0x0000004d204fed50:   0000004d204fee90 0000000071112590
0x0000004d204fed60:   0000004d204fedc0 000001939d760000
0x0000004d204fed70:   0000004d204fee90 0000000000000000
0x0000004d204fed80:   0000000000000000 00007ffe5e115f4c
0x0000004d204fed90:   0000000000000260 00007ffe5dc2f05b
0x0000004d204feda0:   00000193c1429310 000001939d895b30
0x0000004d204fedb0:   0000000071113500 0000000071113be8
0x0000004d204fedc0:   0000004d204fedf0 0000000071112641
0x0000004d204fedd0:   0000004d204fed60 0000000000000000
0x0000004d204fede0:   0000000000000000 0000000000000000
0x0000004d204fedf0:   0000004d204fee90 0000000071101595
0x0000004d204fee00:   000000000000001c 000001939d895b30 

Instructions: (pc=0x000000007110b5db)
0x000000007110b4db:   48 85 c0 74 bf 44 8b 03 45 85 c0 0f 84 77 ff ff
0x000000007110b4eb:   ff eb 9f 66 90 e8 8b fe ff ff 48 89 05 0c 34 01
0x000000007110b4fb:   00 eb ad 66 90 e8 7b fe ff ff 48 89 05 fc 33 01
0x000000007110b50b:   00 eb 8b e8 8d fe ff ff c7 03 01 00 00 00 e9 6f
0x000000007110b51b:   ff ff ff 66 90 55 48 89 e5 56 53 48 83 ec 20 48
0x000000007110b52b:   8b 05 d7 33 01 00 48 8b 31 48 89 cb 48 85 c0 74
0x000000007110b53b:   56 44 8b 18 45 85 db 78 42 48 8b 05 bd 33 01 00
0x000000007110b54b:   48 85 c0 74 50 44 8b 10 45 85 d2 74 1d 48 89 f1
0x000000007110b55b:   e8 d0 fd ff ff 48 8b 13 48 8d 42 40 48 8b 48 08
0x000000007110b56b:   48 8b 6a 40 48 8b 60 10 ff e1 48 8b 05 9c 33 01
0x000000007110b57b:   00 48 85 c0 74 2d 48 89 30 eb da e8 b5 fe ff ff
0x000000007110b58b:   0f 1f 44 00 00 eb b2 e8 e9 fd ff ff 48 89 05 6a
0x000000007110b59b:   33 01 00 eb 9c e8 db fd ff ff 48 89 05 5c 33 01
0x000000007110b5ab:   00 eb a2 e8 3d fd ff ff 48 89 05 5e 33 01 00 eb
0x000000007110b5bb:   c5 0f 1f 40 00 55 57 56 53 48 83 ec 28 48 8b 05
0x000000007110b5cb:   39 33 01 00 48 89 cb 48 85 c0 0f 84 c5 00 00 00
0x000000007110b5db:   8b 38 85 ff 0f 88 ab 00 00 00 48 8b 05 1c 33 01
0x000000007110b5eb:   00 48 85 c0 0f 84 bc 00 00 00 8b 30 85 f6 74 57
0x000000007110b5fb:   48 8b 05 0e 33 01 00 48 85 c0 0f 84 e5 00 00 00
0x000000007110b60b:   8b 28 48 8b 35 10 5e 01 00 ff d6 89 c7 89 e9 ff
0x000000007110b61b:   15 f4 5e 01 00 89 f9 48 89 c5 ff 15 b9 5e 01 00
0x000000007110b62b:   48 8b 05 de 32 01 00 48 89 2b 48 85 c0 74 46 48
0x000000007110b63b:   89 da 8b 08 ff 15 d7 5e 01 00 85 c0 74 27 48 83
0x000000007110b64b:   c4 28 5b 5e 5f 5d c3 48 8b 05 bf 32 01 00 48 85
0x000000007110b65b:   c0 74 64 48 8b 10 48 89 13 48 89 18 48 83 c4 28
0x000000007110b66b:   5b 5e 5f 5d c3 48 89 f2 48 83 c4 28 5b 5e 5f 5d
0x000000007110b67b:   48 ff e2 66 90 e8 8b fc ff ff 48 89 05 84 32 01
0x000000007110b68b:   00 eb ac 66 90 e8 ab fd ff ff e9 4b ff ff ff 66
0x000000007110b69b:   0f 1f 44 00 00 e8 db fc ff ff 48 89 05 5c 32 01
0x000000007110b6ab:   00 e9 2a ff ff ff e8 ca fc ff ff 48 89 05 4b 32
0x000000007110b6bb:   01 00 e9 33 ff ff ff e8 29 fc ff ff 48 89 05 4a
0x000000007110b6cb:   32 01 00 48 8b 10 48 85 c0 48 89 13 75 8b e8 12 


Stack slot to memory mapping:
stack at sp + 0 slots: 0x00000193c150dbf0 points into unknown readable memory: 0x005c002e005c005c | 5c 00 5c 00 2e 00 5c 00
stack at sp + 1 slots: 0x00007ffe604147b1 ntdll.dll
stack at sp + 2 slots: 0x000000007110b230 jSSC-2.8_x86_64.dll
stack at sp + 3 slots: 0x000001939d760000 points into unknown readable memory: 0x0000000000000000 | 00 00 00 00 00 00 00 00
stack at sp + 4 slots: 0x000001939d8958a0 is a thread
stack at sp + 5 slots: 0x0000000000000004 is an unknown value
stack at sp + 6 slots: 0x000001939d895b30 points into unknown readable memory: 0x00007ffe396b4710 | 10 47 6b 39 fe 7f 00 00
stack at sp + 7 slots: 0x0000000000000260 is an unknown value


---------------  P R O C E S S  ---------------

Threads class SMR info:
_java_thread_list=0x00000193c14e8a40, length=12, elements={
0x000001939d8958a0, 0x00000193bd0aa980, 0x00000193bd0abc90, 0x00000193bd0c7990,
0x00000193bd0c8240, 0x00000193bd0c9380, 0x00000193bd0cb4d0, 0x00000193bd0d1280,
0x00000193bd0d2310, 0x00000193bd0ddb80, 0x00000193c1458360, 0x00000193c1457e90
}

Java Threads: ( => current thread )
=>0x000001939d8958a0 JavaThread "main" [_thread_in_native, id=11692, stack(0x0000004d20400000,0x0000004d20500000)]
  0x00000193bd0aa980 JavaThread "Reference Handler" daemon [_thread_blocked, id=7048, stack(0x0000004d20b00000,0x0000004d20c00000)]
  0x00000193bd0abc90 JavaThread "Finalizer" daemon [_thread_blocked, id=9396, stack(0x0000004d20c00000,0x0000004d20d00000)]
  0x00000193bd0c7990 JavaThread "Signal Dispatcher" daemon [_thread_blocked, id=8356, stack(0x0000004d20d00000,0x0000004d20e00000)]
  0x00000193bd0c8240 JavaThread "Attach Listener" daemon [_thread_blocked, id=3100, stack(0x0000004d20e00000,0x0000004d20f00000)]
  0x00000193bd0c9380 JavaThread "Service Thread" daemon [_thread_blocked, id=3944, stack(0x0000004d20f00000,0x0000004d21000000)]
  0x00000193bd0cb4d0 JavaThread "Monitor Deflation Thread" daemon [_thread_blocked, id=3620, stack(0x0000004d21000000,0x0000004d21100000)]
  0x00000193bd0d1280 JavaThread "C2 CompilerThread0" daemon [_thread_blocked, id=11220, stack(0x0000004d21100000,0x0000004d21200000)]
  0x00000193bd0d2310 JavaThread "C1 CompilerThread0" daemon [_thread_blocked, id=1488, stack(0x0000004d21200000,0x0000004d21300000)]
  0x00000193bd0ddb80 JavaThread "Sweeper thread" daemon [_thread_blocked, id=3560, stack(0x0000004d21300000,0x0000004d21400000)]
  0x00000193c1458360 JavaThread "Common-Cleaner" daemon [_thread_blocked, id=12116, stack(0x0000004d21400000,0x0000004d21500000)]
  0x00000193c1457e90 JavaThread "Notification Thread" daemon [_thread_blocked, id=13040, stack(0x0000004d21500000,0x0000004d21600000)]

Other Threads:
  0x000001939d95eb50 VMThread "VM Thread" [stack: 0x0000004d20a00000,0x0000004d20b00000] [id=10724]
  0x00000193c150a190 WatcherThread "VM Periodic Task Thread" [stack: 0x0000004d21600000,0x0000004d21700000] [id=1876]
  0x000001939d8f4650 WorkerThread "GC Thread#0" [stack: 0x0000004d20500000,0x0000004d20600000] [id=11244]
  0x000001939d9052c0 ConcurrentGCThread "G1 Main Marker" [stack: 0x0000004d20600000,0x0000004d20700000] [id=5048]
  0x000001939d907460 WorkerThread "G1 Conc#0" [stack: 0x0000004d20700000,0x0000004d20800000] [id=12472]
  0x000001939d9438c0 ConcurrentGCThread "G1 Refine#0" [stack: 0x0000004d20800000,0x0000004d20900000] [id=2756]
  0x000001939d9441d0 ConcurrentGCThread "G1 Service" [stack: 0x0000004d20900000,0x0000004d20a00000] [id=108]

Threads with active compile tasks:

VM state: not at safepoint (normal execution)

VM Mutex/Monitor currently owned by a thread: None

Heap address: 0x0000000081600000, size: 2026 MB, Compressed Oops mode: 32-bit

CDS archive(s) mapped at: [0x0000000800000000-0x0000000800b90000-0x0000000800b90000), size 12124160, SharedBaseAddress: 0x0000000800000000, ArchiveRelocationMode: 0.
Compressed class space mapped at: 0x0000000800c00000-0x0000000840c00000, reserved size: 1073741824
Narrow klass base: 0x0000000800000000, Narrow klass shift: 0, Narrow klass range: 0x100000000

GC Precious Log:
 CardTable entry size: 512
 Card Set container configuration: InlinePtr #cards 5 size 8 Array Of Cards #cards 12 size 40 Howl #buckets 4 coarsen threshold 1843 Howl Bitmap #cards 512 size 80 coarsen threshold 460 Card regions per heap region 1 cards per card region 2048
 CPUs: 4 total, 4 available
 Memory: 8103M
 Large Page Support: Disabled
 NUMA Support: Disabled
 Compressed Oops: Enabled (32-bit)
 Heap Region Size: 1M
 Heap Min Capacity: 8M
 Heap Initial Capacity: 128M
 Heap Max Capacity: 2026M
 Pre-touch: Disabled
 Parallel Workers: 4
 Concurrent Workers: 1
 Concurrent Refinement Workers: 4
 Periodic GC: Disabled

Heap:
 garbage-first heap   total 131072K, used 1024K [0x0000000081600000, 0x0000000100000000)
  region size 1024K, 2 young (2048K), 0 survivors (0K)
 Metaspace       used 439K, committed 576K, reserved 1114112K
  class space    used 31K, committed 128K, reserved 1048576K

Heap Regions: E=young(eden), S=young(survivor), O=old, HS=humongous(starts), HC=humongous(continues), CS=collection set, F=free, OA=open archive, CA=closed archive, TAMS=top-at-mark-start (previous, next)
|   0|0x0000000081600000, 0x0000000081600000, 0x0000000081700000|  0%| F|  |TAMS 0x0000000081600000, 0x0000000081600000| Untracked 
|   1|0x0000000081700000, 0x0000000081700000, 0x0000000081800000|  0%| F|  |TAMS 0x0000000081700000, 0x0000000081700000| Untracked 
|   2|0x0000000081800000, 0x0000000081800000, 0x0000000081900000|  0%| F|  |TAMS 0x0000000081800000, 0x0000000081800000| Untracked 
|   3|0x0000000081900000, 0x0000000081900000, 0x0000000081a00000|  0%| F|  |TAMS 0x0000000081900000, 0x0000000081900000| Untracked 
|   4|0x0000000081a00000, 0x0000000081a00000, 0x0000000081b00000|  0%| F|  |TAMS 0x0000000081a00000, 0x0000000081a00000| Untracked 
|   5|0x0000000081b00000, 0x0000000081b00000, 0x0000000081c00000|  0%| F|  |TAMS 0x0000000081b00000, 0x0000000081b00000| Untracked 
|   6|0x0000000081c00000, 0x0000000081c00000, 0x0000000081d00000|  0%| F|  |TAMS 0x0000000081c00000, 0x0000000081c00000| Untracked 
|   7|0x0000000081d00000, 0x0000000081d00000, 0x0000000081e00000|  0%| F|  |TAMS 0x0000000081d00000, 0x0000000081d00000| Untracked 
|   8|0x0000000081e00000, 0x0000000081e00000, 0x0000000081f00000|  0%| F|  |TAMS 0x0000000081e00000, 0x0000000081e00000| Untracked 
|   9|0x0000000081f00000, 0x0000000081f00000, 0x0000000082000000|  0%| F|  |TAMS 0x0000000081f00000, 0x0000000081f00000| Untracked 
|  10|0x0000000082000000, 0x0000000082000000, 0x0000000082100000|  0%| F|  |TAMS 0x0000000082000000, 0x0000000082000000| Untracked 
|  11|0x0000000082100000, 0x0000000082100000, 0x0000000082200000|  0%| F|  |TAMS 0x0000000082100000, 0x0000000082100000| Untracked 
|  12|0x0000000082200000, 0x0000000082200000, 0x0000000082300000|  0%| F|  |TAMS 0x0000000082200000, 0x0000000082200000| Untracked 
|  13|0x0000000082300000, 0x0000000082300000, 0x0000000082400000|  0%| F|  |TAMS 0x0000000082300000, 0x0000000082300000| Untracked 
|  14|0x0000000082400000, 0x0000000082400000, 0x0000000082500000|  0%| F|  |TAMS 0x0000000082400000, 0x0000000082400000| Untracked 
|  15|0x0000000082500000, 0x0000000082500000, 0x0000000082600000|  0%| F|  |TAMS 0x0000000082500000, 0x0000000082500000| Untracked 
|  16|0x0000000082600000, 0x0000000082600000, 0x0000000082700000|  0%| F|  |TAMS 0x0000000082600000, 0x0000000082600000| Untracked 
|  17|0x0000000082700000, 0x0000000082700000, 0x0000000082800000|  0%| F|  |TAMS 0x0000000082700000, 0x0000000082700000| Untracked 
|  18|0x0000000082800000, 0x0000000082800000, 0x0000000082900000|  0%| F|  |TAMS 0x0000000082800000, 0x0000000082800000| Untracked 
|  19|0x0000000082900000, 0x0000000082900000, 0x0000000082a00000|  0%| F|  |TAMS 0x0000000082900000, 0x0000000082900000| Untracked 
|  20|0x0000000082a00000, 0x0000000082a00000, 0x0000000082b00000|  0%| F|  |TAMS 0x0000000082a00000, 0x0000000082a00000| Untracked 
|  21|0x0000000082b00000, 0x0000000082b00000, 0x0000000082c00000|  0%| F|  |TAMS 0x0000000082b00000, 0x0000000082b00000| Untracked 
|  22|0x0000000082c00000, 0x0000000082c00000, 0x0000000082d00000|  0%| F|  |TAMS 0x0000000082c00000, 0x0000000082c00000| Untracked 
|  23|0x0000000082d00000, 0x0000000082d00000, 0x0000000082e00000|  0%| F|  |TAMS 0x0000000082d00000, 0x0000000082d00000| Untracked 
|  24|0x0000000082e00000, 0x0000000082e00000, 0x0000000082f00000|  0%| F|  |TAMS 0x0000000082e00000, 0x0000000082e00000| Untracked 
|  25|0x0000000082f00000, 0x0000000082f00000, 0x0000000083000000|  0%| F|  |TAMS 0x0000000082f00000, 0x0000000082f00000| Untracked 
|  26|0x0000000083000000, 0x0000000083000000, 0x0000000083100000|  0%| F|  |TAMS 0x0000000083000000, 0x0000000083000000| Untracked 
|  27|0x0000000083100000, 0x0000000083100000, 0x0000000083200000|  0%| F|  |TAMS 0x0000000083100000, 0x0000000083100000| Untracked 
|  28|0x0000000083200000, 0x0000000083200000, 0x0000000083300000|  0%| F|  |TAMS 0x0000000083200000, 0x0000000083200000| Untracked 
|  29|0x0000000083300000, 0x0000000083300000, 0x0000000083400000|  0%| F|  |TAMS 0x0000000083300000, 0x0000000083300000| Untracked 
|  30|0x0000000083400000, 0x0000000083400000, 0x0000000083500000|  0%| F|  |TAMS 0x0000000083400000, 0x0000000083400000| Untracked 
|  31|0x0000000083500000, 0x0000000083500000, 0x0000000083600000|  0%| F|  |TAMS 0x0000000083500000, 0x0000000083500000| Untracked 
|  32|0x0000000083600000, 0x0000000083600000, 0x0000000083700000|  0%| F|  |TAMS 0x0000000083600000, 0x0000000083600000| Untracked 
|  33|0x0000000083700000, 0x0000000083700000, 0x0000000083800000|  0%| F|  |TAMS 0x0000000083700000, 0x0000000083700000| Untracked 
|  34|0x0000000083800000, 0x0000000083800000, 0x0000000083900000|  0%| F|  |TAMS 0x0000000083800000, 0x0000000083800000| Untracked 
|  35|0x0000000083900000, 0x0000000083900000, 0x0000000083a00000|  0%| F|  |TAMS 0x0000000083900000, 0x0000000083900000| Untracked 
|  36|0x0000000083a00000, 0x0000000083a00000, 0x0000000083b00000|  0%| F|  |TAMS 0x0000000083a00000, 0x0000000083a00000| Untracked 
|  37|0x0000000083b00000, 0x0000000083b00000, 0x0000000083c00000|  0%| F|  |TAMS 0x0000000083b00000, 0x0000000083b00000| Untracked 
|  38|0x0000000083c00000, 0x0000000083c00000, 0x0000000083d00000|  0%| F|  |TAMS 0x0000000083c00000, 0x0000000083c00000| Untracked 
|  39|0x0000000083d00000, 0x0000000083d00000, 0x0000000083e00000|  0%| F|  |TAMS 0x0000000083d00000, 0x0000000083d00000| Untracked 
|  40|0x0000000083e00000, 0x0000000083e00000, 0x0000000083f00000|  0%| F|  |TAMS 0x0000000083e00000, 0x0000000083e00000| Untracked 
|  41|0x0000000083f00000, 0x0000000083f00000, 0x0000000084000000|  0%| F|  |TAMS 0x0000000083f00000, 0x0000000083f00000| Untracked 
|  42|0x0000000084000000, 0x0000000084000000, 0x0000000084100000|  0%| F|  |TAMS 0x0000000084000000, 0x0000000084000000| Untracked 
|  43|0x0000000084100000, 0x0000000084100000, 0x0000000084200000|  0%| F|  |TAMS 0x0000000084100000, 0x0000000084100000| Untracked 
|  44|0x0000000084200000, 0x0000000084200000, 0x0000000084300000|  0%| F|  |TAMS 0x0000000084200000, 0x0000000084200000| Untracked 
|  45|0x0000000084300000, 0x0000000084300000, 0x0000000084400000|  0%| F|  |TAMS 0x0000000084300000, 0x0000000084300000| Untracked 
|  46|0x0000000084400000, 0x0000000084400000, 0x0000000084500000|  0%| F|  |TAMS 0x0000000084400000, 0x0000000084400000| Untracked 
|  47|0x0000000084500000, 0x0000000084500000, 0x0000000084600000|  0%| F|  |TAMS 0x0000000084500000, 0x0000000084500000| Untracked 
|  48|0x0000000084600000, 0x0000000084600000, 0x0000000084700000|  0%| F|  |TAMS 0x0000000084600000, 0x0000000084600000| Untracked 
|  49|0x0000000084700000, 0x0000000084700000, 0x0000000084800000|  0%| F|  |TAMS 0x0000000084700000, 0x0000000084700000| Untracked 
|  50|0x0000000084800000, 0x0000000084800000, 0x0000000084900000|  0%| F|  |TAMS 0x0000000084800000, 0x0000000084800000| Untracked 
|  51|0x0000000084900000, 0x0000000084900000, 0x0000000084a00000|  0%| F|  |TAMS 0x0000000084900000, 0x0000000084900000| Untracked 
|  52|0x0000000084a00000, 0x0000000084a00000, 0x0000000084b00000|  0%| F|  |TAMS 0x0000000084a00000, 0x0000000084a00000| Untracked 
|  53|0x0000000084b00000, 0x0000000084b00000, 0x0000000084c00000|  0%| F|  |TAMS 0x0000000084b00000, 0x0000000084b00000| Untracked 
|  54|0x0000000084c00000, 0x0000000084c00000, 0x0000000084d00000|  0%| F|  |TAMS 0x0000000084c00000, 0x0000000084c00000| Untracked 
|  55|0x0000000084d00000, 0x0000000084d00000, 0x0000000084e00000|  0%| F|  |TAMS 0x0000000084d00000, 0x0000000084d00000| Untracked 
|  56|0x0000000084e00000, 0x0000000084e00000, 0x0000000084f00000|  0%| F|  |TAMS 0x0000000084e00000, 0x0000000084e00000| Untracked 
|  57|0x0000000084f00000, 0x0000000084f00000, 0x0000000085000000|  0%| F|  |TAMS 0x0000000084f00000, 0x0000000084f00000| Untracked 
|  58|0x0000000085000000, 0x0000000085000000, 0x0000000085100000|  0%| F|  |TAMS 0x0000000085000000, 0x0000000085000000| Untracked 
|  59|0x0000000085100000, 0x0000000085100000, 0x0000000085200000|  0%| F|  |TAMS 0x0000000085100000, 0x0000000085100000| Untracked 
|  60|0x0000000085200000, 0x0000000085200000, 0x0000000085300000|  0%| F|  |TAMS 0x0000000085200000, 0x0000000085200000| Untracked 
|  61|0x0000000085300000, 0x0000000085300000, 0x0000000085400000|  0%| F|  |TAMS 0x0000000085300000, 0x0000000085300000| Untracked 
|  62|0x0000000085400000, 0x0000000085400000, 0x0000000085500000|  0%| F|  |TAMS 0x0000000085400000, 0x0000000085400000| Untracked 
|  63|0x0000000085500000, 0x0000000085500000, 0x0000000085600000|  0%| F|  |TAMS 0x0000000085500000, 0x0000000085500000| Untracked 
|  64|0x0000000085600000, 0x0000000085600000, 0x0000000085700000|  0%| F|  |TAMS 0x0000000085600000, 0x0000000085600000| Untracked 
|  65|0x0000000085700000, 0x0000000085700000, 0x0000000085800000|  0%| F|  |TAMS 0x0000000085700000, 0x0000000085700000| Untracked 
|  66|0x0000000085800000, 0x0000000085800000, 0x0000000085900000|  0%| F|  |TAMS 0x0000000085800000, 0x0000000085800000| Untracked 
|  67|0x0000000085900000, 0x0000000085900000, 0x0000000085a00000|  0%| F|  |TAMS 0x0000000085900000, 0x0000000085900000| Untracked 
|  68|0x0000000085a00000, 0x0000000085a00000, 0x0000000085b00000|  0%| F|  |TAMS 0x0000000085a00000, 0x0000000085a00000| Untracked 
|  69|0x0000000085b00000, 0x0000000085b00000, 0x0000000085c00000|  0%| F|  |TAMS 0x0000000085b00000, 0x0000000085b00000| Untracked 
|  70|0x0000000085c00000, 0x0000000085c00000, 0x0000000085d00000|  0%| F|  |TAMS 0x0000000085c00000, 0x0000000085c00000| Untracked 
|  71|0x0000000085d00000, 0x0000000085d00000, 0x0000000085e00000|  0%| F|  |TAMS 0x0000000085d00000, 0x0000000085d00000| Untracked 
|  72|0x0000000085e00000, 0x0000000085e00000, 0x0000000085f00000|  0%| F|  |TAMS 0x0000000085e00000, 0x0000000085e00000| Untracked 
|  73|0x0000000085f00000, 0x0000000085f00000, 0x0000000086000000|  0%| F|  |TAMS 0x0000000085f00000, 0x0000000085f00000| Untracked 
|  74|0x0000000086000000, 0x0000000086000000, 0x0000000086100000|  0%| F|  |TAMS 0x0000000086000000, 0x0000000086000000| Untracked 
|  75|0x0000000086100000, 0x0000000086100000, 0x0000000086200000|  0%| F|  |TAMS 0x0000000086100000, 0x0000000086100000| Untracked 
|  76|0x0000000086200000, 0x0000000086200000, 0x0000000086300000|  0%| F|  |TAMS 0x0000000086200000, 0x0000000086200000| Untracked 
|  77|0x0000000086300000, 0x0000000086300000, 0x0000000086400000|  0%| F|  |TAMS 0x0000000086300000, 0x0000000086300000| Untracked 
|  78|0x0000000086400000, 0x0000000086400000, 0x0000000086500000|  0%| F|  |TAMS 0x0000000086400000, 0x0000000086400000| Untracked 
|  79|0x0000000086500000, 0x0000000086500000, 0x0000000086600000|  0%| F|  |TAMS 0x0000000086500000, 0x0000000086500000| Untracked 
|  80|0x0000000086600000, 0x0000000086600000, 0x0000000086700000|  0%| F|  |TAMS 0x0000000086600000, 0x0000000086600000| Untracked 
|  81|0x0000000086700000, 0x0000000086700000, 0x0000000086800000|  0%| F|  |TAMS 0x0000000086700000, 0x0000000086700000| Untracked 
|  82|0x0000000086800000, 0x0000000086800000, 0x0000000086900000|  0%| F|  |TAMS 0x0000000086800000, 0x0000000086800000| Untracked 
|  83|0x0000000086900000, 0x0000000086900000, 0x0000000086a00000|  0%| F|  |TAMS 0x0000000086900000, 0x0000000086900000| Untracked 
|  84|0x0000000086a00000, 0x0000000086a00000, 0x0000000086b00000|  0%| F|  |TAMS 0x0000000086a00000, 0x0000000086a00000| Untracked 
|  85|0x0000000086b00000, 0x0000000086b00000, 0x0000000086c00000|  0%| F|  |TAMS 0x0000000086b00000, 0x0000000086b00000| Untracked 
|  86|0x0000000086c00000, 0x0000000086c00000, 0x0000000086d00000|  0%| F|  |TAMS 0x0000000086c00000, 0x0000000086c00000| Untracked 
|  87|0x0000000086d00000, 0x0000000086d00000, 0x0000000086e00000|  0%| F|  |TAMS 0x0000000086d00000, 0x0000000086d00000| Untracked 
|  88|0x0000000086e00000, 0x0000000086e00000, 0x0000000086f00000|  0%| F|  |TAMS 0x0000000086e00000, 0x0000000086e00000| Untracked 
|  89|0x0000000086f00000, 0x0000000086f00000, 0x0000000087000000|  0%| F|  |TAMS 0x0000000086f00000, 0x0000000086f00000| Untracked 
|  90|0x0000000087000000, 0x0000000087000000, 0x0000000087100000|  0%| F|  |TAMS 0x0000000087000000, 0x0000000087000000| Untracked 
|  91|0x0000000087100000, 0x0000000087100000, 0x0000000087200000|  0%| F|  |TAMS 0x0000000087100000, 0x0000000087100000| Untracked 
|  92|0x0000000087200000, 0x0000000087200000, 0x0000000087300000|  0%| F|  |TAMS 0x0000000087200000, 0x0000000087200000| Untracked 
|  93|0x0000000087300000, 0x0000000087300000, 0x0000000087400000|  0%| F|  |TAMS 0x0000000087300000, 0x0000000087300000| Untracked 
|  94|0x0000000087400000, 0x0000000087400000, 0x0000000087500000|  0%| F|  |TAMS 0x0000000087400000, 0x0000000087400000| Untracked 
|  95|0x0000000087500000, 0x0000000087500000, 0x0000000087600000|  0%| F|  |TAMS 0x0000000087500000, 0x0000000087500000| Untracked 
|  96|0x0000000087600000, 0x0000000087600000, 0x0000000087700000|  0%| F|  |TAMS 0x0000000087600000, 0x0000000087600000| Untracked 
|  97|0x0000000087700000, 0x0000000087700000, 0x0000000087800000|  0%| F|  |TAMS 0x0000000087700000, 0x0000000087700000| Untracked 
|  98|0x0000000087800000, 0x0000000087800000, 0x0000000087900000|  0%| F|  |TAMS 0x0000000087800000, 0x0000000087800000| Untracked 
|  99|0x0000000087900000, 0x0000000087900000, 0x0000000087a00000|  0%| F|  |TAMS 0x0000000087900000, 0x0000000087900000| Untracked 
| 100|0x0000000087a00000, 0x0000000087a00000, 0x0000000087b00000|  0%| F|  |TAMS 0x0000000087a00000, 0x0000000087a00000| Untracked 
| 101|0x0000000087b00000, 0x0000000087b00000, 0x0000000087c00000|  0%| F|  |TAMS 0x0000000087b00000, 0x0000000087b00000| Untracked 
| 102|0x0000000087c00000, 0x0000000087c00000, 0x0000000087d00000|  0%| F|  |TAMS 0x0000000087c00000, 0x0000000087c00000| Untracked 
| 103|0x0000000087d00000, 0x0000000087d00000, 0x0000000087e00000|  0%| F|  |TAMS 0x0000000087d00000, 0x0000000087d00000| Untracked 
| 104|0x0000000087e00000, 0x0000000087e00000, 0x0000000087f00000|  0%| F|  |TAMS 0x0000000087e00000, 0x0000000087e00000| Untracked 
| 105|0x0000000087f00000, 0x0000000087f00000, 0x0000000088000000|  0%| F|  |TAMS 0x0000000087f00000, 0x0000000087f00000| Untracked 
| 106|0x0000000088000000, 0x0000000088000000, 0x0000000088100000|  0%| F|  |TAMS 0x0000000088000000, 0x0000000088000000| Untracked 
| 107|0x0000000088100000, 0x0000000088100000, 0x0000000088200000|  0%| F|  |TAMS 0x0000000088100000, 0x0000000088100000| Untracked 
| 108|0x0000000088200000, 0x0000000088200000, 0x0000000088300000|  0%| F|  |TAMS 0x0000000088200000, 0x0000000088200000| Untracked 
| 109|0x0000000088300000, 0x0000000088300000, 0x0000000088400000|  0%| F|  |TAMS 0x0000000088300000, 0x0000000088300000| Untracked 
| 110|0x0000000088400000, 0x0000000088400000, 0x0000000088500000|  0%| F|  |TAMS 0x0000000088400000, 0x0000000088400000| Untracked 
| 111|0x0000000088500000, 0x0000000088500000, 0x0000000088600000|  0%| F|  |TAMS 0x0000000088500000, 0x0000000088500000| Untracked 
| 112|0x0000000088600000, 0x0000000088600000, 0x0000000088700000|  0%| F|  |TAMS 0x0000000088600000, 0x0000000088600000| Untracked 
| 113|0x0000000088700000, 0x0000000088700000, 0x0000000088800000|  0%| F|  |TAMS 0x0000000088700000, 0x0000000088700000| Untracked 
| 114|0x0000000088800000, 0x0000000088800000, 0x0000000088900000|  0%| F|  |TAMS 0x0000000088800000, 0x0000000088800000| Untracked 
| 115|0x0000000088900000, 0x0000000088900000, 0x0000000088a00000|  0%| F|  |TAMS 0x0000000088900000, 0x0000000088900000| Untracked 
| 116|0x0000000088a00000, 0x0000000088a00000, 0x0000000088b00000|  0%| F|  |TAMS 0x0000000088a00000, 0x0000000088a00000| Untracked 
| 117|0x0000000088b00000, 0x0000000088b00000, 0x0000000088c00000|  0%| F|  |TAMS 0x0000000088b00000, 0x0000000088b00000| Untracked 
| 118|0x0000000088c00000, 0x0000000088c00000, 0x0000000088d00000|  0%| F|  |TAMS 0x0000000088c00000, 0x0000000088c00000| Untracked 
| 119|0x0000000088d00000, 0x0000000088d00000, 0x0000000088e00000|  0%| F|  |TAMS 0x0000000088d00000, 0x0000000088d00000| Untracked 
| 120|0x0000000088e00000, 0x0000000088e00000, 0x0000000088f00000|  0%| F|  |TAMS 0x0000000088e00000, 0x0000000088e00000| Untracked 
| 121|0x0000000088f00000, 0x0000000088f00000, 0x0000000089000000|  0%| F|  |TAMS 0x0000000088f00000, 0x0000000088f00000| Untracked 
| 122|0x0000000089000000, 0x0000000089000000, 0x0000000089100000|  0%| F|  |TAMS 0x0000000089000000, 0x0000000089000000| Untracked 
| 123|0x0000000089100000, 0x0000000089100000, 0x0000000089200000|  0%| F|  |TAMS 0x0000000089100000, 0x0000000089100000| Untracked 
| 124|0x0000000089200000, 0x0000000089200000, 0x0000000089300000|  0%| F|  |TAMS 0x0000000089200000, 0x0000000089200000| Untracked 
| 125|0x0000000089300000, 0x0000000089300000, 0x0000000089400000|  0%| F|  |TAMS 0x0000000089300000, 0x0000000089300000| Untracked 
| 126|0x0000000089400000, 0x0000000089500000, 0x0000000089500000|100%| E|  |TAMS 0x0000000089400000, 0x0000000089400000| Complete 
| 127|0x0000000089500000, 0x0000000089600000, 0x0000000089600000|100%| E|CS|TAMS 0x0000000089500000, 0x0000000089500000| Complete 

Card table byte_map: [0x00000193b63e0000,0x00000193b67e0000] _byte_map_base: 0x00000193b5fd5000

Marking Bits (Prev, Next): (CMBitMap*) 0x000001939d8f4c50, (CMBitMap*) 0x000001939d8f4c90
 Prev Bits: [0x00000193b6be0000, 0x00000193b8b88000)
 Next Bits: [0x00000193b8b90000, 0x00000193bab38000)

Polling page: 0x000001939d6d0000

Metaspace:

Usage:
  Non-class:    408.37 KB used.
      Class:     31.57 KB used.
       Both:    439.94 KB used.

Virtual space:
  Non-class space:       64.00 MB reserved,     448.00 KB ( <1%) committed,  1 nodes.
      Class space:        1.00 GB reserved,     128.00 KB ( <1%) committed,  1 nodes.
             Both:        1.06 GB reserved,     576.00 KB ( <1%) committed. 

Chunk freelists:
   Non-Class:  3.94 MB
       Class:  3.74 MB
        Both:  7.68 MB

MaxMetaspaceSize: unlimited
CompressedClassSpaceSize: 1.00 GB
Initial GC threshold: 21.00 MB
Current GC threshold: 21.00 MB
CDS: on
MetaspaceReclaimPolicy: balanced
 - commit_granule_bytes: 65536.
 - commit_granule_words: 8192.
 - virtual_space_node_default_size: 8388608.
 - enlarge_chunks_in_place: 1.
 - new_chunks_are_fully_committed: 0.
 - uncommit_free_chunks: 1.
 - use_allocation_guard: 0.


Internal statistics:

num_allocs_failed_limit: 0.
num_arena_births: 8.
num_arena_deaths: 0.
num_vsnodes_births: 2.
num_vsnodes_deaths: 0.
num_space_committed: 9.
num_space_uncommitted: 0.
num_chunks_returned_to_freelist: 0.
num_chunks_taken_from_freelist: 14.
num_chunk_merges: 0.
num_chunk_splits: 9.
num_chunks_enlarged: 8.
num_inconsistent_stats: 0.

CodeHeap 'non-profiled nmethods': size=120000Kb used=62Kb max_used=62Kb free=119937Kb
 bounds [0x00000193ae480000, 0x00000193ae6f0000, 0x00000193b59b0000]
CodeHeap 'profiled nmethods': size=120000Kb used=202Kb max_used=202Kb free=119797Kb
 bounds [0x00000193a6f50000, 0x00000193a71c0000, 0x00000193ae480000]
CodeHeap 'non-nmethods': size=5760Kb used=1106Kb max_used=1122Kb free=4653Kb
 bounds [0x00000193a69b0000, 0x00000193a6c20000, 0x00000193a6f50000]
 total_blobs=563 nmethods=192 adapters=284
 compilation: enabled
              stopped_count=0, restarted_count=0
 full_count=0

Compilation events (20 events):
Event: 0.116 Thread 0x00000193bd0d2310 nmethod 185 0x00000193a6f7fa10 code [0x00000193a6f7fc20, 0x00000193a6f80248]
Event: 0.118 Thread 0x00000193bd0d2310  186       3       java.lang.Math::max (11 bytes)
Event: 0.118 Thread 0x00000193bd0d2310 nmethod 186 0x00000193a6f80490 code [0x00000193a6f80620, 0x00000193a6f80758]
Event: 0.118 Thread 0x00000193bd0d2310  187       3       java.io.WinNTFileSystem::isSlash (18 bytes)
Event: 0.118 Thread 0x00000193bd0d2310 nmethod 187 0x00000193a6f80810 code [0x00000193a6f809a0, 0x00000193a6f80b38]
Event: 0.122 Thread 0x00000193bd0d1280 nmethod 148 0x00000193ae48df90 code [0x00000193ae48e1a0, 0x00000193ae48ec90]
Event: 0.122 Thread 0x00000193bd0d1280  159       4       java.util.HashMap::newNode (13 bytes)
Event: 0.123 Thread 0x00000193bd0d1280 nmethod 159 0x00000193ae48f390 code [0x00000193ae48f520, 0x00000193ae48f638]
Event: 0.124 Thread 0x00000193bd0d1280  149       4       java.lang.String::equals (56 bytes)
Event: 0.125 Thread 0x00000193bd0d1280 nmethod 149 0x00000193ae48f710 code [0x00000193ae48f880, 0x00000193ae48fa58]
Event: 0.127 Thread 0x00000193bd0d2310  188       3       java.lang.StringBuilder::append (8 bytes)
Event: 0.127 Thread 0x00000193bd0d2310 nmethod 188 0x00000193a6f80c10 code [0x00000193a6f80da0, 0x00000193a6f80ee8]
Event: 0.127 Thread 0x00000193bd0d2310  189       3       java.lang.AbstractStringBuilder::append (45 bytes)
Event: 0.128 Thread 0x00000193bd0d2310 nmethod 189 0x00000193a6f80f90 code [0x00000193a6f811a0, 0x00000193a6f816d8]
Event: 0.130 Thread 0x00000193bd0d2310  190       3       java.lang.String::indexOf (29 bytes)
Event: 0.130 Thread 0x00000193bd0d2310 nmethod 190 0x00000193a6f81910 code [0x00000193a6f81ae0, 0x00000193a6f81d78]
Event: 0.130 Thread 0x00000193bd0d2310  191       3       java.lang.StringLatin1::lastIndexOf (40 bytes)
Event: 0.131 Thread 0x00000193bd0d2310 nmethod 191 0x00000193a6f81e90 code [0x00000193a6f82060, 0x00000193a6f82458]
Event: 0.131 Thread 0x00000193bd0d2310  192       3       java.lang.CharacterDataLatin1::getProperties (11 bytes)
Event: 0.131 Thread 0x00000193bd0d2310 nmethod 192 0x00000193a6f82590 code [0x00000193a6f82720, 0x00000193a6f82858]

GC Heap History (0 events):
No events

Deoptimization events (0 events):
No events

Classes loaded (20 events):
Event: 0.087 Loading class sun/nio/fs/BasicFileAttributesHolder done
Event: 0.087 Loading class sun/nio/fs/WindowsPath$WindowsPathWithAttributes done
Event: 0.088 Loading class java/nio/file/attribute/FileAttribute
Event: 0.088 Loading class java/nio/file/attribute/FileAttribute done
Event: 0.088 Loading class sun/nio/fs/WindowsSecurityDescriptor
Event: 0.088 Loading class sun/nio/fs/WindowsSecurityDescriptor done
Event: 0.109 Loading class jdk/internal/vm/PostVMInitHook
Event: 0.109 Loading class jdk/internal/vm/PostVMInitHook done
Event: 0.118 Loading class jdk/internal/loader/URLClassPath$FileLoader
Event: 0.118 Loading class jdk/internal/loader/URLClassPath$FileLoader done
Event: 0.119 Loading class jdk/internal/loader/URLClassPath$FileLoader$1
Event: 0.119 Loading class jdk/internal/loader/URLClassPath$FileLoader$1 done
Event: 0.130 Loading class java/lang/SecurityException
Event: 0.130 Loading class java/lang/SecurityException done
Event: 0.130 Loading class java/lang/InterruptedException
Event: 0.130 Loading class java/lang/InterruptedException done
Event: 0.132 Loading class java/io/Reader
Event: 0.132 Loading class java/io/Reader done
Event: 0.132 Loading class java/io/InputStreamReader
Event: 0.132 Loading class java/io/InputStreamReader done

Classes unloaded (0 events):
No events

Classes redefined (0 events):
No events

Internal exceptions (3 events):
Event: 0.086 Thread 0x000001939d8958a0 Exception <a 'sun/nio/fs/WindowsException'{0x000000008943a130}> (0x000000008943a130) 
thrown [t:\workspace\open\src\hotspot\share\prims\jni.cpp, line 516]
Event: 0.086 Thread 0x000001939d8958a0 Exception <a 'sun/nio/fs/WindowsException'{0x000000008943a688}> (0x000000008943a688) 
thrown [t:\workspace\open\src\hotspot\share\prims\jni.cpp, line 516]
Event: 0.088 Thread 0x000001939d8958a0 Exception <a 'sun/nio/fs/WindowsException'{0x000000008943cad0}> (0x000000008943cad0) 
thrown [t:\workspace\open\src\hotspot\share\prims\jni.cpp, line 516]

VM Operations (2 events):
Event: 0.090 Executing VM operation: HandshakeAllThreads
Event: 0.090 Executing VM operation: HandshakeAllThreads done

Events (18 events):
Event: 0.009 Loaded shared library C:\OpenJDK\jdk-18\bin\java.dll
Event: 0.019 Loaded shared library C:\OpenJDK\jdk-18\bin\jsvml.dll
Event: 0.019 Thread 0x000001939d8958a0 Thread added: 0x000001939d8958a0
Event: 0.022 Thread 0x00000193bd0aa980 Thread added: 0x00000193bd0aa980
Event: 0.023 Thread 0x00000193bd0abc90 Thread added: 0x00000193bd0abc90
Event: 0.036 Thread 0x00000193bd0c7990 Thread added: 0x00000193bd0c7990
Event: 0.036 Thread 0x00000193bd0c8240 Thread added: 0x00000193bd0c8240
Event: 0.036 Thread 0x00000193bd0c9380 Thread added: 0x00000193bd0c9380
Event: 0.036 Thread 0x00000193bd0cb4d0 Thread added: 0x00000193bd0cb4d0
Event: 0.036 Thread 0x00000193bd0d1280 Thread added: 0x00000193bd0d1280
Event: 0.036 Thread 0x00000193bd0d2310 Thread added: 0x00000193bd0d2310
Event: 0.036 Thread 0x00000193bd0ddb80 Thread added: 0x00000193bd0ddb80
Event: 0.068 Thread 0x00000193c1458360 Thread added: 0x00000193c1458360
Event: 0.082 Loaded shared library C:\OpenJDK\jdk-18\bin\net.dll
Event: 0.084 Loaded shared library C:\OpenJDK\jdk-18\bin\nio.dll
Event: 0.109 Thread 0x00000193c1457e90 Thread added: 0x00000193c1457e90
Event: 0.117 Loaded shared library C:\OpenJDK\jdk-18\bin\zip.dll
Event: 0.133 Loaded shared library C:\Users\joqle\.jssc\windows\jSSC-2.8_x86_64.dll


Dynamic libraries:
0x00007ff7e8a00000 - 0x00007ff7e8a0e000 	C:\OpenJDK\jdk-18\bin\java.exe
0x00007ffe603f0000 - 0x00007ffe605e8000 	C:\Windows\SYSTEM32\ntdll.dll
0x00007ffe5e740000 - 0x00007ffe5e7ff000 	C:\Windows\System32\KERNEL32.DLL
0x00007ffe5e0e0000 - 0x00007ffe5e3d6000 	C:\Windows\System32\KERNELBASE.dll
0x00007ffe5dc20000 - 0x00007ffe5dd20000 	C:\Windows\System32\ucrtbase.dll
0x00007ffe59580000 - 0x00007ffe5959a000 	C:\OpenJDK\jdk-18\bin\VCRUNTIME140.dll
0x00007ffe41b70000 - 0x00007ffe41b87000 	C:\OpenJDK\jdk-18\bin\jli.dll
0x00007ffe5f830000 - 0x00007ffe5f9cd000 	C:\Windows\System32\USER32.dll
0x00007ffe5dbf0000 - 0x00007ffe5dc12000 	C:\Windows\System32\win32u.dll
0x00007ffe3b640000 - 0x00007ffe3b8da000 	C:\Windows\WinSxS\amd64_microsoft.windows.common-controls_6595b64144ccf1df_6.0.19041.1110_none_60b5254171f9507e\COMCTL32.dll
0x00007ffe5f800000 - 0x00007ffe5f82c000 	C:\Windows\System32\GDI32.dll
0x00007ffe5ea00000 - 0x00007ffe5ea9e000 	C:\Windows\System32\msvcrt.dll
0x00007ffe5de80000 - 0x00007ffe5df95000 	C:\Windows\System32\gdi32full.dll
0x00007ffe5db50000 - 0x00007ffe5dbed000 	C:\Windows\System32\msvcp_win.dll
0x00007ffe5f1f0000 - 0x00007ffe5f220000 	C:\Windows\System32\IMM32.DLL
0x00007ffe58c80000 - 0x00007ffe58c8c000 	C:\OpenJDK\jdk-18\bin\vcruntime140_1.dll
0x00007ffe3ae40000 - 0x00007ffe3aecd000 	C:\OpenJDK\jdk-18\bin\msvcp140.dll
0x00007ffe38bf0000 - 0x00007ffe39801000 	C:\OpenJDK\jdk-18\bin\server\jvm.dll
0x00007ffe5f2d0000 - 0x00007ffe5f37f000 	C:\Windows\System32\ADVAPI32.dll
0x00007ffe5fb60000 - 0x00007ffe5fbfc000 	C:\Windows\System32\sechost.dll
0x00007ffe5f0c0000 - 0x00007ffe5f1e6000 	C:\Windows\System32\RPCRT4.dll
0x00007ffe5f7f0000 - 0x00007ffe5f7f8000 	C:\Windows\System32\PSAPI.DLL
0x00007ffe41780000 - 0x00007ffe41789000 	C:\Windows\SYSTEM32\WSOCK32.dll
0x00007ffe41750000 - 0x00007ffe41777000 	C:\Windows\SYSTEM32\WINMM.dll
0x00007ffe56b30000 - 0x00007ffe56b3a000 	C:\Windows\SYSTEM32\VERSION.dll
0x00007ffe5ef10000 - 0x00007ffe5ef7b000 	C:\Windows\System32\WS2_32.dll
0x00007ffe5c310000 - 0x00007ffe5c322000 	C:\Windows\SYSTEM32\kernel.appcore.dll
0x00007ffe3efe0000 - 0x00007ffe3efea000 	C:\OpenJDK\jdk-18\bin\jimage.dll
0x00007ffe5b740000 - 0x00007ffe5b924000 	C:\Windows\SYSTEM32\DBGHELP.DLL
0x00007ffe3fc70000 - 0x00007ffe3fca4000 	C:\Windows\SYSTEM32\dbgcore.DLL
0x00007ffe5e050000 - 0x00007ffe5e0d2000 	C:\Windows\System32\bcryptPrimitives.dll
0x00007ffe38aa0000 - 0x00007ffe38ac5000 	C:\OpenJDK\jdk-18\bin\java.dll
0x00007ffe38920000 - 0x00007ffe389f6000 	C:\OpenJDK\jdk-18\bin\jsvml.dll
0x00007ffe5fc00000 - 0x00007ffe60344000 	C:\Windows\System32\SHELL32.dll
0x00007ffe5bb70000 - 0x00007ffe5c303000 	C:\Windows\SYSTEM32\windows.storage.dll
0x00007ffe5f3e0000 - 0x00007ffe5f734000 	C:\Windows\System32\combase.dll
0x00007ffe5d530000 - 0x00007ffe5d55e000 	C:\Windows\SYSTEM32\Wldp.dll
0x00007ffe5f220000 - 0x00007ffe5f2cd000 	C:\Windows\System32\SHCORE.dll
0x00007ffe5f380000 - 0x00007ffe5f3d5000 	C:\Windows\System32\shlwapi.dll
0x00007ffe5da10000 - 0x00007ffe5da2f000 	C:\Windows\SYSTEM32\profapi.dll
0x00007ffe38820000 - 0x00007ffe38833000 	C:\OpenJDK\jdk-18\bin\net.dll
0x00007ffe4f640000 - 0x00007ffe4f74a000 	C:\Windows\SYSTEM32\WINHTTP.dll
0x00007ffe5d290000 - 0x00007ffe5d2fa000 	C:\Windows\system32\mswsock.dll
0x00007ffe387c0000 - 0x00007ffe387d6000 	C:\OpenJDK\jdk-18\bin\nio.dll
0x00007ffe387a0000 - 0x00007ffe387b8000 	C:\OpenJDK\jdk-18\bin\zip.dll
0x0000000071100000 - 0x0000000071125000 	C:\Users\joqle\.jssc\windows\jSSC-2.8_x86_64.dll

dbghelp: loaded successfully - version: 4.0.5 - missing functions: none
symbol engine: initialized successfully - sym options: 0x614 - pdb path: .;C:\OpenJDK\jdk-18\bin;C:\Windows\SYSTEM32;C:\Windows\WinSxS\amd64_microsoft.windows.common-controls_6595b64144ccf1df_6.0.19041.1110_none_60b5254171f9507e;C:\OpenJDK\jdk-18\bin\server;C:\Users\joqle\.jssc\windows

VM Arguments:
jvm_args: -Dfile.encoding=UTF-8 --module-path=C:\Users\joqle\Documents\NetBeansProjects\JavaApplication10\build\classes 
java_command: javaapplication10.JavaApplication10
java_class_path (initial): C:\Users\joqle\Documents\NetBeansProjects\Librerias\RTXT\PanamaHitek_Arduino-2.8.2.jar;C:\Users\joqle\Documents\NetBeansProjects\JavaApplication10\build\classes
Launcher Type: SUN_STANDARD

[Global flags]
     intx CICompilerCount                          = 3                                         {product} {ergonomic}
     uint ConcGCThreads                            = 1                                         {product} {ergonomic}
     uint G1ConcRefinementThreads                  = 4                                         {product} {ergonomic}
   size_t G1HeapRegionSize                         = 1048576                                   {product} {ergonomic}
    uintx GCDrainStackTargetSize                   = 64                                        {product} {ergonomic}
   size_t InitialHeapSize                          = 134217728                                 {product} {ergonomic}
   size_t MarkStackSize                            = 4194304                                   {product} {ergonomic}
   size_t MaxHeapSize                              = 2124414976                                {product} {ergonomic}
   size_t MaxNewSize                               = 1274019840                                {product} {ergonomic}
   size_t MinHeapDeltaBytes                        = 1048576                                   {product} {ergonomic}
   size_t MinHeapSize                              = 8388608                                   {product} {ergonomic}
    uintx NonNMethodCodeHeapSize                   = 5832780                                {pd product} {ergonomic}
    uintx NonProfiledCodeHeapSize                  = 122912730                              {pd product} {ergonomic}
    uintx ProfiledCodeHeapSize                     = 122912730                              {pd product} {ergonomic}
    uintx ReservedCodeCacheSize                    = 251658240                              {pd product} {ergonomic}
     bool SegmentedCodeCache                       = true                                      {product} {ergonomic}
   size_t SoftMaxHeapSize                          = 2124414976                             {manageable} {ergonomic}
     bool UseCompressedClassPointers               = true                           {product lp64_product} {ergonomic}
     bool UseCompressedOops                        = true                           {product lp64_product} {ergonomic}
     bool UseG1GC                                  = true                                      {product} {ergonomic}
     bool UseLargePagesIndividualAllocation        = false                                  {pd product} {ergonomic}

Logging:
Log output configuration:
 #0: stdout all=warning uptime,level,tags foldmultilines=false
 #1: stderr all=off uptime,level,tags foldmultilines=false

Environment Variables:
JAVA_HOME=C:\OpenJDK\jdk-18
PATH=C:\Program Files\Common Files\Oracle\Java\javapath;C:\Program Files (x86)\Common Files\Oracle\Java\javapath;C:\Windows\system32;C:\Windows;C:\Windows\System32\Wbem;C:\Windows\System32\WindowsPowerShell\v1.0\;C:\Windows\System32\OpenSSH\;C:\Users\joqle\AppData\Local\Microsoft\WindowsApps;C:\Program Files\Git\cmd;C:\OpenJDK\jdk-18\bin;C:\Users\joqle\AppData\Roaming\npm;C:\xampp\php;C:\xampp\mysql\bin;C:\Program Files\Microsoft VS Code\bin;C:\flutter\bin\cache\dart-sdk\bin;C:\flutter\bin;C:\Program Files\dotnet\;C:\Program Files\nodejs\;C:\Users\joqle\AppData\Local\Microsoft\WindowsApps\PythonSoftwareFoundation.Python.3.11_qbz5n2kfra8p0;C:\Users\joqle\AppData\Local\Microsoft\WindowsApps;C:\Users\joqle\AppData\Roaming\npm
USERNAME=joqle
OS=Windows_NT
PROCESSOR_IDENTIFIER=Intel64 Family 6 Model 142 Stepping 9, GenuineIntel



---------------  S Y S T E M  ---------------

OS:
 Windows 10 , 64 bit Build 19041 (10.0.19041.2913)
OS uptime: 0 days 2:01 hours

CPU: total 4 (initial active 4) (2 cores per cpu, 2 threads per core) family 6 model 142 stepping 9 microcode 0xb4, cx8, cmov, fxsr, ht, mmx, 3dnowpref, sse, sse2, sse3, ssse3, sse4.1, sse4.2, popcnt, lzcnt, tsc, tscinvbit, avx, avx2, aes, erms, clmul, bmi1, bmi2, adx, fma, vzeroupper, clflush, clflushopt

Memory: 4k page, system-wide physical 8103M (2237M free)
TotalPageFile size 10151M (AvailPageFile size 2973M)
current process WorkingSet (physical memory assigned to process): 32M, peak: 32M
current process commit charge ("private bytes"): 202M, peak: 202M

vm_info: OpenJDK 64-Bit Server VM (18+36-2087) for windows-amd64 JRE (18+36-2087), built on Feb 15 2022 09:37:35 by "mach5one" with MS VC++ 16.8 / 16.9 (VS2019)

END.
